[0.015s] Invoking command in '/home/taha/workspace/Vision-Grasping-Masters-Research/build/ur_robot_driver': CMAKE_PREFIX_PATH=/home/taha/workspace/Vision-Grasping-Masters-Research/install/ur_controllers:/home/taha/workspace/Vision-Grasping-Masters-Research/install/ur_description:/home/taha/workspace/Vision-Grasping-Masters-Research/install/ur_dashboard_msgs:/home/taha/workspace/Vision-Grasping-Masters-Research/install/ur:/home/taha/workspace/Vision-Grasping-Masters-Research/install/ur_calibration:/home/taha/workspace/Vision-Grasping-Masters-Research/install/ur_robot_driver:/home/taha/workspace/Vision-Grasping-Masters-Research/install/ur_bringup:/home/taha/workspace/Vision-Grasping-Masters-Research/install/ur_moveit_config:/opt/ros/humble LD_LIBRARY_PATH=/home/taha/workspace/Vision-Grasping-Masters-Research/install/ur_controllers/lib:/home/taha/workspace/Vision-Grasping-Masters-Research/install/ur_dashboard_msgs/lib:/home/taha/workspace/Vision-Grasping-Masters-Research/install/ur_robot_driver/lib:/opt/ros/humble/opt/rviz_ogre_vendor/lib:/opt/ros/humble/lib/x86_64-linux-gnu:/opt/ros/humble/lib /usr/bin/cmake /home/taha/workspace/Vision-Grasping-Masters-Research/src/Universal_Robots_ROS2_Driver/ur_robot_driver -DCMAKE_BUILD_TYPE=Release -DCMAKE_INSTALL_PREFIX=/home/taha/workspace/Vision-Grasping-Masters-Research/install/ur_robot_driver
[0.079s] -- The C compiler identification is GNU 11.4.0
[0.122s] -- The CXX compiler identification is GNU 11.4.0
[0.127s] -- Detecting C compiler ABI info
[0.198s] -- Detecting C compiler ABI info - done
[0.206s] -- Check for working C compiler: /usr/bin/cc - skipped
[0.206s] -- Detecting C compile features
[0.206s] -- Detecting C compile features - done
[0.209s] -- Detecting CXX compiler ABI info
[0.275s] -- Detecting CXX compiler ABI info - done
[0.285s] -- Check for working CXX compiler: /usr/bin/c++ - skipped
[0.285s] -- Detecting CXX compile features
[0.286s] -- Detecting CXX compile features - done
[0.287s] -- Found ament_cmake: 1.3.10 (/opt/ros/humble/share/ament_cmake/cmake)
[0.395s] -- Found Python3: /usr/bin/python3 (found version "3.10.12") found components: Interpreter 
[0.455s] -- Found controller_manager: 2.43.0 (/opt/ros/humble/share/controller_manager/cmake)
[0.486s] -- Found rosidl_generator_c: 3.1.5 (/opt/ros/humble/share/rosidl_generator_c/cmake)
[0.489s] -- Found rosidl_adapter: 3.1.5 (/opt/ros/humble/share/rosidl_adapter/cmake)
[0.494s] -- Found rosidl_generator_cpp: 3.1.5 (/opt/ros/humble/share/rosidl_generator_cpp/cmake)
[0.503s] -- Using all available rosidl_typesupport_c: rosidl_typesupport_fastrtps_c;rosidl_typesupport_introspection_c
[0.514s] -- Using all available rosidl_typesupport_cpp: rosidl_typesupport_fastrtps_cpp;rosidl_typesupport_introspection_cpp
[0.644s] -- Found rmw_implementation_cmake: 6.1.2 (/opt/ros/humble/share/rmw_implementation_cmake/cmake)
[0.646s] -- Found rmw_fastrtps_cpp: 6.2.7 (/opt/ros/humble/share/rmw_fastrtps_cpp/cmake)
[0.663s] -- Found TinyXML2 via Config file: TinyXML2_DIR-NOTFOUND
[0.719s] -- Found OpenSSL: /usr/lib/x86_64-linux-gnu/libcrypto.so (found version "3.0.2")  
[0.723s] -- Found TinyXML2 via Config file: TinyXML2_DIR-NOTFOUND
[0.746s] -- Found FastRTPS: /opt/ros/humble/include  
[0.749s] -- Found TinyXML2 via Config file: TinyXML2_DIR-NOTFOUND
[0.758s] -- Found TinyXML2 via Config file: TinyXML2_DIR-NOTFOUND
[0.770s] -- Using RMW implementation 'rmw_fastrtps_cpp' as default
[0.779s] -- Looking for pthread.h
[0.860s] -- Looking for pthread.h - found
[0.860s] -- Performing Test CMAKE_HAVE_LIBC_PTHREAD
[0.949s] -- Performing Test CMAKE_HAVE_LIBC_PTHREAD - Success
[0.950s] -- Found Threads: TRUE  
[1.014s] -- Found rclpy: 3.3.14 (/opt/ros/humble/share/rclpy/cmake)
[1.015s] -- Found std_srvs: 4.2.4 (/opt/ros/humble/share/std_srvs/cmake)
[1.021s] -- Found tf2_geometry_msgs: 0.25.7 (/opt/ros/humble/share/tf2_geometry_msgs/cmake)
[1.029s] -- Found eigen3_cmake_module: 0.1.1 (/opt/ros/humble/share/eigen3_cmake_module/cmake)
[1.030s] -- Found Eigen3: TRUE (found version "3.4.0") 
[1.030s] -- Ensuring Eigen3 include directory is part of orocos-kdl CMake target
[1.069s] -- Found ur_dashboard_msgs: 2.2.15 (/home/taha/workspace/Vision-Grasping-Masters-Research/install/ur_dashboard_msgs/share/ur_dashboard_msgs/cmake)
[1.241s] -- Found ur_controllers: 2.2.15 (/home/taha/workspace/Vision-Grasping-Masters-Research/install/ur_controllers/share/ur_controllers/cmake)
[1.255s] -- Found parameter_traits: 0.3.8 (/opt/ros/humble/share/parameter_traits/cmake)
[1.291s] -- Found ur_description: 2.1.6 (/home/taha/workspace/Vision-Grasping-Masters-Research/install/ur_description/share/ur_description/cmake)
[1.292s] -- Found launch_testing_ament_cmake: 1.0.6 (/opt/ros/humble/share/launch_testing_ament_cmake/cmake)
[1.293s] -- Found python_cmake_module: 0.10.0 (/opt/ros/humble/share/python_cmake_module/cmake)
[1.308s] -- Found PythonInterp: /usr/bin/python3 (found suitable version "3.10.12", minimum required is "3.6") 
[1.311s] -- Found PythonLibs: /usr/lib/x86_64-linux-gnu/libpython3.10.so (found suitable version "3.10.12", minimum required is "3.5") 
[1.311s] -- Using PYTHON_EXECUTABLE: /usr/bin/python3
[1.311s] -- Using PYTHON_INCLUDE_DIRS: /usr/include/python3.10
[1.311s] -- Using PYTHON_LIBRARIES: /usr/lib/x86_64-linux-gnu/libpython3.10.so
[1.327s] -- Found PythonExtra: .so  
[1.327s] -- Configuring done
[1.388s] -- Generating done
[1.390s] -- Build files have been written to: /home/taha/workspace/Vision-Grasping-Masters-Research/build/ur_robot_driver
[1.398s] Invoked command in '/home/taha/workspace/Vision-Grasping-Masters-Research/build/ur_robot_driver' returned '0': CMAKE_PREFIX_PATH=/home/taha/workspace/Vision-Grasping-Masters-Research/install/ur_controllers:/home/taha/workspace/Vision-Grasping-Masters-Research/install/ur_description:/home/taha/workspace/Vision-Grasping-Masters-Research/install/ur_dashboard_msgs:/home/taha/workspace/Vision-Grasping-Masters-Research/install/ur:/home/taha/workspace/Vision-Grasping-Masters-Research/install/ur_calibration:/home/taha/workspace/Vision-Grasping-Masters-Research/install/ur_robot_driver:/home/taha/workspace/Vision-Grasping-Masters-Research/install/ur_bringup:/home/taha/workspace/Vision-Grasping-Masters-Research/install/ur_moveit_config:/opt/ros/humble LD_LIBRARY_PATH=/home/taha/workspace/Vision-Grasping-Masters-Research/install/ur_controllers/lib:/home/taha/workspace/Vision-Grasping-Masters-Research/install/ur_dashboard_msgs/lib:/home/taha/workspace/Vision-Grasping-Masters-Research/install/ur_robot_driver/lib:/opt/ros/humble/opt/rviz_ogre_vendor/lib:/opt/ros/humble/lib/x86_64-linux-gnu:/opt/ros/humble/lib /usr/bin/cmake /home/taha/workspace/Vision-Grasping-Masters-Research/src/Universal_Robots_ROS2_Driver/ur_robot_driver -DCMAKE_BUILD_TYPE=Release -DCMAKE_INSTALL_PREFIX=/home/taha/workspace/Vision-Grasping-Masters-Research/install/ur_robot_driver
[1.398s] Invoking command in '/home/taha/workspace/Vision-Grasping-Masters-Research/build/ur_robot_driver': CMAKE_PREFIX_PATH=/home/taha/workspace/Vision-Grasping-Masters-Research/install/ur_controllers:/home/taha/workspace/Vision-Grasping-Masters-Research/install/ur_description:/home/taha/workspace/Vision-Grasping-Masters-Research/install/ur_dashboard_msgs:/home/taha/workspace/Vision-Grasping-Masters-Research/install/ur:/home/taha/workspace/Vision-Grasping-Masters-Research/install/ur_calibration:/home/taha/workspace/Vision-Grasping-Masters-Research/install/ur_robot_driver:/home/taha/workspace/Vision-Grasping-Masters-Research/install/ur_bringup:/home/taha/workspace/Vision-Grasping-Masters-Research/install/ur_moveit_config:/opt/ros/humble LD_LIBRARY_PATH=/home/taha/workspace/Vision-Grasping-Masters-Research/install/ur_controllers/lib:/home/taha/workspace/Vision-Grasping-Masters-Research/install/ur_dashboard_msgs/lib:/home/taha/workspace/Vision-Grasping-Masters-Research/install/ur_robot_driver/lib:/opt/ros/humble/opt/rviz_ogre_vendor/lib:/opt/ros/humble/lib/x86_64-linux-gnu:/opt/ros/humble/lib /usr/bin/cmake --build /home/taha/workspace/Vision-Grasping-Masters-Research/build/ur_robot_driver -- -j16 -l16
[1.458s] [  6%] [32mBuilding CXX object CMakeFiles/ur_robot_driver_plugin.dir/src/dashboard_client_ros.cpp.o[0m
[1.459s] [ 13%] [32mBuilding CXX object CMakeFiles/ur_robot_driver_plugin.dir/src/hardware_interface.cpp.o[0m
[1.460s] [ 20%] [32mBuilding CXX object CMakeFiles/dashboard_client.dir/src/dashboard_client_node.cpp.o[0m
[1.462s] [ 26%] [32mBuilding CXX object CMakeFiles/ur_ros2_control_node.dir/src/ur_ros2_control_node.cpp.o[0m
[1.462s] [ 33%] [32mBuilding CXX object CMakeFiles/controller_stopper_node.dir/src/controller_stopper.cpp.o[0m
[1.463s] [ 46%] [32mBuilding CXX object CMakeFiles/ur_robot_driver_plugin.dir/src/urcl_log_handler.cpp.o[0m
[1.463s] [ 46%] [32mBuilding CXX object CMakeFiles/dashboard_client.dir/src/dashboard_client_ros.cpp.o[0m
[1.465s] [ 53%] [32mBuilding CXX object CMakeFiles/dashboard_client.dir/src/urcl_log_handler.cpp.o[0m
[1.469s] [ 60%] [32mBuilding CXX object CMakeFiles/controller_stopper_node.dir/src/controller_stopper_node.cpp.o[0m
[1.470s] [ 66%] [32mBuilding CXX object CMakeFiles/urscript_interface.dir/src/urscript_interface.cpp.o[0m
[1.483s] [ 66%] Built target ament_cmake_python_copy_ur_robot_driver
[1.726s] running egg_info
[1.727s] creating ur_robot_driver.egg-info
[1.727s] writing ur_robot_driver.egg-info/PKG-INFO
[1.727s] writing dependency_links to ur_robot_driver.egg-info/dependency_links.txt
[1.727s] writing top-level names to ur_robot_driver.egg-info/top_level.txt
[1.727s] writing manifest file 'ur_robot_driver.egg-info/SOURCES.txt'
[1.729s] reading manifest file 'ur_robot_driver.egg-info/SOURCES.txt'
[1.730s] writing manifest file 'ur_robot_driver.egg-info/SOURCES.txt'
[1.755s] [ 66%] Built target ament_cmake_python_build_ur_robot_driver_egg
[4.328s] [ 73%] [32m[1mLinking CXX executable ur_ros2_control_node[0m
[4.446s] [ 73%] Built target ur_ros2_control_node
[9.207s] [ 80%] [32m[1mLinking CXX executable controller_stopper_node[0m
[9.249s] [ 86%] [32m[1mLinking CXX executable urscript_interface[0m
[9.373s] [ 86%] Built target controller_stopper_node
[9.408s] [ 86%] Built target urscript_interface
[10.903s] [ 93%] [32m[1mLinking CXX executable dashboard_client[0m
[11.067s] [ 93%] Built target dashboard_client
[11.802s] [100%] [32m[1mLinking CXX shared library libur_robot_driver_plugin.so[0m
[11.977s] [100%] Built target ur_robot_driver_plugin
[11.985s] Invoked command in '/home/taha/workspace/Vision-Grasping-Masters-Research/build/ur_robot_driver' returned '0': CMAKE_PREFIX_PATH=/home/taha/workspace/Vision-Grasping-Masters-Research/install/ur_controllers:/home/taha/workspace/Vision-Grasping-Masters-Research/install/ur_description:/home/taha/workspace/Vision-Grasping-Masters-Research/install/ur_dashboard_msgs:/home/taha/workspace/Vision-Grasping-Masters-Research/install/ur:/home/taha/workspace/Vision-Grasping-Masters-Research/install/ur_calibration:/home/taha/workspace/Vision-Grasping-Masters-Research/install/ur_robot_driver:/home/taha/workspace/Vision-Grasping-Masters-Research/install/ur_bringup:/home/taha/workspace/Vision-Grasping-Masters-Research/install/ur_moveit_config:/opt/ros/humble LD_LIBRARY_PATH=/home/taha/workspace/Vision-Grasping-Masters-Research/install/ur_controllers/lib:/home/taha/workspace/Vision-Grasping-Masters-Research/install/ur_dashboard_msgs/lib:/home/taha/workspace/Vision-Grasping-Masters-Research/install/ur_robot_driver/lib:/opt/ros/humble/opt/rviz_ogre_vendor/lib:/opt/ros/humble/lib/x86_64-linux-gnu:/opt/ros/humble/lib /usr/bin/cmake --build /home/taha/workspace/Vision-Grasping-Masters-Research/build/ur_robot_driver -- -j16 -l16
[12.046s] Invoking command in '/home/taha/workspace/Vision-Grasping-Masters-Research/build/ur_robot_driver': CMAKE_PREFIX_PATH=/home/taha/workspace/Vision-Grasping-Masters-Research/install/ur_controllers:/home/taha/workspace/Vision-Grasping-Masters-Research/install/ur_description:/home/taha/workspace/Vision-Grasping-Masters-Research/install/ur_dashboard_msgs:/home/taha/workspace/Vision-Grasping-Masters-Research/install/ur:/home/taha/workspace/Vision-Grasping-Masters-Research/install/ur_calibration:/home/taha/workspace/Vision-Grasping-Masters-Research/install/ur_robot_driver:/home/taha/workspace/Vision-Grasping-Masters-Research/install/ur_bringup:/home/taha/workspace/Vision-Grasping-Masters-Research/install/ur_moveit_config:/opt/ros/humble LD_LIBRARY_PATH=/home/taha/workspace/Vision-Grasping-Masters-Research/install/ur_controllers/lib:/home/taha/workspace/Vision-Grasping-Masters-Research/install/ur_dashboard_msgs/lib:/home/taha/workspace/Vision-Grasping-Masters-Research/install/ur_robot_driver/lib:/opt/ros/humble/opt/rviz_ogre_vendor/lib:/opt/ros/humble/lib/x86_64-linux-gnu:/opt/ros/humble/lib /usr/bin/cmake --install /home/taha/workspace/Vision-Grasping-Masters-Research/build/ur_robot_driver
[12.057s] -- Install configuration: "Release"
[12.057s] -- Installing: /home/taha/workspace/Vision-Grasping-Masters-Research/install/ur_robot_driver/share/ur_robot_driver/hardware_interface_plugin.xml
[12.058s] -- Installing: /home/taha/workspace/Vision-Grasping-Masters-Research/install/ur_robot_driver/lib/ur_robot_driver/dashboard_client
[12.059s] -- Set runtime path of "/home/taha/workspace/Vision-Grasping-Masters-Research/install/ur_robot_driver/lib/ur_robot_driver/dashboard_client" to ""
[12.059s] -- Installing: /home/taha/workspace/Vision-Grasping-Masters-Research/install/ur_robot_driver/lib/ur_robot_driver/ur_ros2_control_node
[12.059s] -- Set runtime path of "/home/taha/workspace/Vision-Grasping-Masters-Research/install/ur_robot_driver/lib/ur_robot_driver/ur_ros2_control_node" to ""
[12.059s] -- Installing: /home/taha/workspace/Vision-Grasping-Masters-Research/install/ur_robot_driver/lib/ur_robot_driver/controller_stopper_node
[12.060s] -- Set runtime path of "/home/taha/workspace/Vision-Grasping-Masters-Research/install/ur_robot_driver/lib/ur_robot_driver/controller_stopper_node" to ""
[12.060s] -- Installing: /home/taha/workspace/Vision-Grasping-Masters-Research/install/ur_robot_driver/lib/ur_robot_driver/urscript_interface
[12.061s] -- Set runtime path of "/home/taha/workspace/Vision-Grasping-Masters-Research/install/ur_robot_driver/lib/ur_robot_driver/urscript_interface" to ""
[12.061s] -- Installing: /home/taha/workspace/Vision-Grasping-Masters-Research/install/ur_robot_driver/lib/libur_robot_driver_plugin.so
[12.063s] -- Set runtime path of "/home/taha/workspace/Vision-Grasping-Masters-Research/install/ur_robot_driver/lib/libur_robot_driver_plugin.so" to ""
[12.063s] -- Installing: /home/taha/workspace/Vision-Grasping-Masters-Research/install/ur_robot_driver/include
[12.063s] -- Installing: /home/taha/workspace/Vision-Grasping-Masters-Research/install/ur_robot_driver/include/ur_robot_driver
[12.063s] -- Installing: /home/taha/workspace/Vision-Grasping-Masters-Research/install/ur_robot_driver/include/ur_robot_driver/controller_stopper.hpp
[12.063s] -- Installing: /home/taha/workspace/Vision-Grasping-Masters-Research/install/ur_robot_driver/include/ur_robot_driver/urcl_log_handler.hpp
[12.063s] -- Installing: /home/taha/workspace/Vision-Grasping-Masters-Research/install/ur_robot_driver/include/ur_robot_driver/hardware_interface.hpp
[12.063s] -- Installing: /home/taha/workspace/Vision-Grasping-Masters-Research/install/ur_robot_driver/include/ur_robot_driver/dashboard_client_ros.hpp
[12.063s] -- Installing: /home/taha/workspace/Vision-Grasping-Masters-Research/install/ur_robot_driver/share/ur_robot_driver/environment/library_path.sh
[12.063s] -- Installing: /home/taha/workspace/Vision-Grasping-Masters-Research/install/ur_robot_driver/share/ur_robot_driver/environment/library_path.dsv
[12.064s] -- Installing: /home/taha/workspace/Vision-Grasping-Masters-Research/install/ur_robot_driver/share/ur_robot_driver/resources
[12.064s] -- Installing: /home/taha/workspace/Vision-Grasping-Masters-Research/install/ur_robot_driver/share/ur_robot_driver/resources/rs485-1.0.urcap
[12.064s] -- Installing: /home/taha/workspace/Vision-Grasping-Masters-Research/install/ur_robot_driver/share/ur_robot_driver/resources/ros_control.urscript
[12.064s] -- Installing: /home/taha/workspace/Vision-Grasping-Masters-Research/install/ur_robot_driver/share/ur_robot_driver/resources/rtde_input_recipe.txt
[12.064s] -- Installing: /home/taha/workspace/Vision-Grasping-Masters-Research/install/ur_robot_driver/share/ur_robot_driver/resources/rtde_output_recipe.txt
[12.064s] -- Installing: /home/taha/workspace/Vision-Grasping-Masters-Research/install/ur_robot_driver/share/ur_robot_driver/resources/externalcontrol-1.0.5.urcap
[12.064s] -- Up-to-date: /home/taha/workspace/Vision-Grasping-Masters-Research/install/ur_robot_driver/include
[12.064s] -- Up-to-date: /home/taha/workspace/Vision-Grasping-Masters-Research/install/ur_robot_driver/include/ur_robot_driver
[12.064s] -- Up-to-date: /home/taha/workspace/Vision-Grasping-Masters-Research/install/ur_robot_driver/include/ur_robot_driver/controller_stopper.hpp
[12.064s] -- Up-to-date: /home/taha/workspace/Vision-Grasping-Masters-Research/install/ur_robot_driver/include/ur_robot_driver/urcl_log_handler.hpp
[12.064s] -- Up-to-date: /home/taha/workspace/Vision-Grasping-Masters-Research/install/ur_robot_driver/include/ur_robot_driver/hardware_interface.hpp
[12.064s] -- Up-to-date: /home/taha/workspace/Vision-Grasping-Masters-Research/install/ur_robot_driver/include/ur_robot_driver/dashboard_client_ros.hpp
[12.064s] -- Installing: /home/taha/workspace/Vision-Grasping-Masters-Research/install/ur_robot_driver/share/ur_robot_driver/environment/pythonpath.sh
[12.064s] -- Installing: /home/taha/workspace/Vision-Grasping-Masters-Research/install/ur_robot_driver/share/ur_robot_driver/environment/pythonpath.dsv
[12.065s] -- Installing: /home/taha/workspace/Vision-Grasping-Masters-Research/install/ur_robot_driver/local/lib/python3.10/dist-packages/ur_robot_driver-2.2.15-py3.10.egg-info
[12.065s] -- Installing: /home/taha/workspace/Vision-Grasping-Masters-Research/install/ur_robot_driver/local/lib/python3.10/dist-packages/ur_robot_driver-2.2.15-py3.10.egg-info/SOURCES.txt
[12.065s] -- Installing: /home/taha/workspace/Vision-Grasping-Masters-Research/install/ur_robot_driver/local/lib/python3.10/dist-packages/ur_robot_driver-2.2.15-py3.10.egg-info/PKG-INFO
[12.065s] -- Installing: /home/taha/workspace/Vision-Grasping-Masters-Research/install/ur_robot_driver/local/lib/python3.10/dist-packages/ur_robot_driver-2.2.15-py3.10.egg-info/dependency_links.txt
[12.065s] -- Installing: /home/taha/workspace/Vision-Grasping-Masters-Research/install/ur_robot_driver/local/lib/python3.10/dist-packages/ur_robot_driver-2.2.15-py3.10.egg-info/top_level.txt
[12.065s] -- Installing: /home/taha/workspace/Vision-Grasping-Masters-Research/install/ur_robot_driver/local/lib/python3.10/dist-packages/ur_robot_driver
[12.065s] -- Installing: /home/taha/workspace/Vision-Grasping-Masters-Research/install/ur_robot_driver/local/lib/python3.10/dist-packages/ur_robot_driver/__init__.py
[12.088s] Listing '/home/taha/workspace/Vision-Grasping-Masters-Research/install/ur_robot_driver/local/lib/python3.10/dist-packages/ur_robot_driver'...
[12.089s] Compiling '/home/taha/workspace/Vision-Grasping-Masters-Research/install/ur_robot_driver/local/lib/python3.10/dist-packages/ur_robot_driver/__init__.py'...
[12.091s] -- Installing: /home/taha/workspace/Vision-Grasping-Masters-Research/install/ur_robot_driver/lib/ur_robot_driver/tool_communication.py
[12.091s] -- Installing: /home/taha/workspace/Vision-Grasping-Masters-Research/install/ur_robot_driver/bin/wait_dashboard_server.sh
[12.091s] -- Installing: /home/taha/workspace/Vision-Grasping-Masters-Research/install/ur_robot_driver/lib/ur_robot_driver/start_ursim.sh
[12.091s] -- Installing: /home/taha/workspace/Vision-Grasping-Masters-Research/install/ur_robot_driver/share/ur_robot_driver/config
[12.091s] -- Installing: /home/taha/workspace/Vision-Grasping-Masters-Research/install/ur_robot_driver/share/ur_robot_driver/config/test_velocity_goal_publishers_config.yaml
[12.091s] -- Installing: /home/taha/workspace/Vision-Grasping-Masters-Research/install/ur_robot_driver/share/ur_robot_driver/config/ur5e_update_rate.yaml
[12.091s] -- Installing: /home/taha/workspace/Vision-Grasping-Masters-Research/install/ur_robot_driver/share/ur_robot_driver/config/ur16e_update_rate.yaml
[12.091s] -- Installing: /home/taha/workspace/Vision-Grasping-Masters-Research/install/ur_robot_driver/share/ur_robot_driver/config/ur3e_update_rate.yaml
[12.092s] -- Installing: /home/taha/workspace/Vision-Grasping-Masters-Research/install/ur_robot_driver/share/ur_robot_driver/config/ur10e_update_rate.yaml
[12.092s] -- Installing: /home/taha/workspace/Vision-Grasping-Masters-Research/install/ur_robot_driver/share/ur_robot_driver/config/ur30_update_rate.yaml
[12.092s] -- Installing: /home/taha/workspace/Vision-Grasping-Masters-Research/install/ur_robot_driver/share/ur_robot_driver/config/ur20_update_rate.yaml
[12.092s] -- Installing: /home/taha/workspace/Vision-Grasping-Masters-Research/install/ur_robot_driver/share/ur_robot_driver/config/ur3_update_rate.yaml
[12.092s] -- Installing: /home/taha/workspace/Vision-Grasping-Masters-Research/install/ur_robot_driver/share/ur_robot_driver/config/ur5_update_rate.yaml
[12.092s] -- Installing: /home/taha/workspace/Vision-Grasping-Masters-Research/install/ur_robot_driver/share/ur_robot_driver/config/ur10_update_rate.yaml
[12.092s] -- Installing: /home/taha/workspace/Vision-Grasping-Masters-Research/install/ur_robot_driver/share/ur_robot_driver/config/test_goal_publishers_config.yaml
[12.092s] -- Installing: /home/taha/workspace/Vision-Grasping-Masters-Research/install/ur_robot_driver/share/ur_robot_driver/config/ur_controllers.yaml
[12.092s] -- Installing: /home/taha/workspace/Vision-Grasping-Masters-Research/install/ur_robot_driver/share/ur_robot_driver/launch
[12.092s] -- Installing: /home/taha/workspace/Vision-Grasping-Masters-Research/install/ur_robot_driver/share/ur_robot_driver/launch/ur3e.launch.py
[12.092s] -- Installing: /home/taha/workspace/Vision-Grasping-Masters-Research/install/ur_robot_driver/share/ur_robot_driver/launch/ur5e.launch.py
[12.092s] -- Installing: /home/taha/workspace/Vision-Grasping-Masters-Research/install/ur_robot_driver/share/ur_robot_driver/launch/test_forward_velocity_controller.launch.py
[12.092s] -- Installing: /home/taha/workspace/Vision-Grasping-Masters-Research/install/ur_robot_driver/share/ur_robot_driver/launch/ur5.launch.py
[12.092s] -- Installing: /home/taha/workspace/Vision-Grasping-Masters-Research/install/ur_robot_driver/share/ur_robot_driver/launch/ur20.launch.py
[12.092s] -- Installing: /home/taha/workspace/Vision-Grasping-Masters-Research/install/ur_robot_driver/share/ur_robot_driver/launch/ur10e.launch.py
[12.092s] -- Installing: /home/taha/workspace/Vision-Grasping-Masters-Research/install/ur_robot_driver/share/ur_robot_driver/launch/ur16e.launch.py
[12.092s] -- Installing: /home/taha/workspace/Vision-Grasping-Masters-Research/install/ur_robot_driver/share/ur_robot_driver/launch/test_scaled_joint_trajectory_controller.launch.py
[12.092s] -- Installing: /home/taha/workspace/Vision-Grasping-Masters-Research/install/ur_robot_driver/share/ur_robot_driver/launch/ur3.launch.py
[12.092s] -- Installing: /home/taha/workspace/Vision-Grasping-Masters-Research/install/ur_robot_driver/share/ur_robot_driver/launch/ur30.launch.py
[12.092s] -- Installing: /home/taha/workspace/Vision-Grasping-Masters-Research/install/ur_robot_driver/share/ur_robot_driver/launch/test_joint_trajectory_controller.launch.py
[12.092s] -- Installing: /home/taha/workspace/Vision-Grasping-Masters-Research/install/ur_robot_driver/share/ur_robot_driver/launch/ur_control.launch.py
[12.092s] -- Installing: /home/taha/workspace/Vision-Grasping-Masters-Research/install/ur_robot_driver/share/ur_robot_driver/launch/ur10.launch.py
[12.092s] -- Installing: /home/taha/workspace/Vision-Grasping-Masters-Research/install/ur_robot_driver/share/ur_robot_driver/launch/ur_dashboard_client.launch.py
[12.092s] -- Installing: /home/taha/workspace/Vision-Grasping-Masters-Research/install/ur_robot_driver/share/ament_index/resource_index/package_run_dependencies/ur_robot_driver
[12.092s] -- Installing: /home/taha/workspace/Vision-Grasping-Masters-Research/install/ur_robot_driver/share/ament_index/resource_index/parent_prefix_path/ur_robot_driver
[12.092s] -- Installing: /home/taha/workspace/Vision-Grasping-Masters-Research/install/ur_robot_driver/share/ur_robot_driver/environment/ament_prefix_path.sh
[12.092s] -- Installing: /home/taha/workspace/Vision-Grasping-Masters-Research/install/ur_robot_driver/share/ur_robot_driver/environment/ament_prefix_path.dsv
[12.092s] -- Installing: /home/taha/workspace/Vision-Grasping-Masters-Research/install/ur_robot_driver/share/ur_robot_driver/environment/path.sh
[12.092s] -- Installing: /home/taha/workspace/Vision-Grasping-Masters-Research/install/ur_robot_driver/share/ur_robot_driver/environment/path.dsv
[12.092s] -- Installing: /home/taha/workspace/Vision-Grasping-Masters-Research/install/ur_robot_driver/share/ur_robot_driver/local_setup.bash
[12.093s] -- Installing: /home/taha/workspace/Vision-Grasping-Masters-Research/install/ur_robot_driver/share/ur_robot_driver/local_setup.sh
[12.093s] -- Installing: /home/taha/workspace/Vision-Grasping-Masters-Research/install/ur_robot_driver/share/ur_robot_driver/local_setup.zsh
[12.093s] -- Installing: /home/taha/workspace/Vision-Grasping-Masters-Research/install/ur_robot_driver/share/ur_robot_driver/local_setup.dsv
[12.093s] -- Installing: /home/taha/workspace/Vision-Grasping-Masters-Research/install/ur_robot_driver/share/ur_robot_driver/package.dsv
[12.093s] -- Installing: /home/taha/workspace/Vision-Grasping-Masters-Research/install/ur_robot_driver/share/ament_index/resource_index/packages/ur_robot_driver
[12.093s] -- Installing: /home/taha/workspace/Vision-Grasping-Masters-Research/install/ur_robot_driver/share/ament_index/resource_index/hardware_interface__pluginlib__plugin/ur_robot_driver
[12.093s] -- Installing: /home/taha/workspace/Vision-Grasping-Masters-Research/install/ur_robot_driver/share/ur_robot_driver/cmake/ament_cmake_export_include_directories-extras.cmake
[12.093s] -- Installing: /home/taha/workspace/Vision-Grasping-Masters-Research/install/ur_robot_driver/share/ur_robot_driver/cmake/ament_cmake_export_libraries-extras.cmake
[12.093s] -- Installing: /home/taha/workspace/Vision-Grasping-Masters-Research/install/ur_robot_driver/share/ur_robot_driver/cmake/ament_cmake_export_dependencies-extras.cmake
[12.093s] -- Installing: /home/taha/workspace/Vision-Grasping-Masters-Research/install/ur_robot_driver/share/ur_robot_driver/cmake/ur_robot_driverConfig.cmake
[12.093s] -- Installing: /home/taha/workspace/Vision-Grasping-Masters-Research/install/ur_robot_driver/share/ur_robot_driver/cmake/ur_robot_driverConfig-version.cmake
[12.093s] -- Installing: /home/taha/workspace/Vision-Grasping-Masters-Research/install/ur_robot_driver/share/ur_robot_driver/package.xml
[12.095s] Invoked command in '/home/taha/workspace/Vision-Grasping-Masters-Research/build/ur_robot_driver' returned '0': CMAKE_PREFIX_PATH=/home/taha/workspace/Vision-Grasping-Masters-Research/install/ur_controllers:/home/taha/workspace/Vision-Grasping-Masters-Research/install/ur_description:/home/taha/workspace/Vision-Grasping-Masters-Research/install/ur_dashboard_msgs:/home/taha/workspace/Vision-Grasping-Masters-Research/install/ur:/home/taha/workspace/Vision-Grasping-Masters-Research/install/ur_calibration:/home/taha/workspace/Vision-Grasping-Masters-Research/install/ur_robot_driver:/home/taha/workspace/Vision-Grasping-Masters-Research/install/ur_bringup:/home/taha/workspace/Vision-Grasping-Masters-Research/install/ur_moveit_config:/opt/ros/humble LD_LIBRARY_PATH=/home/taha/workspace/Vision-Grasping-Masters-Research/install/ur_controllers/lib:/home/taha/workspace/Vision-Grasping-Masters-Research/install/ur_dashboard_msgs/lib:/home/taha/workspace/Vision-Grasping-Masters-Research/install/ur_robot_driver/lib:/opt/ros/humble/opt/rviz_ogre_vendor/lib:/opt/ros/humble/lib/x86_64-linux-gnu:/opt/ros/humble/lib /usr/bin/cmake --install /home/taha/workspace/Vision-Grasping-Masters-Research/build/ur_robot_driver
