[0.006s] Invoking command in '/home/taha/workspace/Vision-Grasping-Masters-Research/build/ur_moveit_config': CMAKE_PREFIX_PATH=/home/taha/workspace/Vision-Grasping-Masters-Research/install/ur_description:/home/taha/workspace/Vision-Grasping-Masters-Research/install/ur:/home/taha/workspace/Vision-Grasping-Masters-Research/install/ur_calibration:/home/taha/workspace/Vision-Grasping-Masters-Research/install/ur_robot_driver:/home/taha/workspace/Vision-Grasping-Masters-Research/install/ur_bringup:/home/taha/workspace/Vision-Grasping-Masters-Research/install/ur_controllers:/home/taha/workspace/Vision-Grasping-Masters-Research/install/ur_moveit_config:/home/taha/workspace/Vision-Grasping-Masters-Research/install/ur_dashboard_msgs:/opt/ros/humble /usr/bin/cmake /home/taha/workspace/Vision-Grasping-Masters-Research/src/Universal_Robots_ROS2_Driver/ur_moveit_config -DCMAKE_BUILD_TYPE=Release -DCMAKE_INSTALL_PREFIX=/home/taha/workspace/Vision-Grasping-Masters-Research/install/ur_moveit_config
[0.048s] -- The C compiler identification is GNU 11.4.0
[0.092s] -- The CXX compiler identification is GNU 11.4.0
[0.097s] -- Detecting C compiler ABI info
[0.154s] -- Detecting C compiler ABI info - done
[0.162s] -- Check for working C compiler: /usr/bin/cc - skipped
[0.163s] -- Detecting C compile features
[0.163s] -- Detecting C compile features - done
[0.165s] -- Detecting CXX compiler ABI info
[0.224s] -- Detecting CXX compiler ABI info - done
[0.233s] -- Check for working CXX compiler: /usr/bin/c++ - skipped
[0.234s] -- Detecting CXX compile features
[0.234s] -- Detecting CXX compile features - done
[0.237s] -- Found ament_cmake: 1.3.10 (/opt/ros/humble/share/ament_cmake/cmake)
[0.348s] -- Found Python3: /usr/bin/python3 (found version "3.10.12") found components: Interpreter 
[0.506s] -- Configuring done
[0.508s] -- Generating done
[0.508s] -- Build files have been written to: /home/taha/workspace/Vision-Grasping-Masters-Research/build/ur_moveit_config
[0.511s] Invoked command in '/home/taha/workspace/Vision-Grasping-Masters-Research/build/ur_moveit_config' returned '0': CMAKE_PREFIX_PATH=/home/taha/workspace/Vision-Grasping-Masters-Research/install/ur_description:/home/taha/workspace/Vision-Grasping-Masters-Research/install/ur:/home/taha/workspace/Vision-Grasping-Masters-Research/install/ur_calibration:/home/taha/workspace/Vision-Grasping-Masters-Research/install/ur_robot_driver:/home/taha/workspace/Vision-Grasping-Masters-Research/install/ur_bringup:/home/taha/workspace/Vision-Grasping-Masters-Research/install/ur_controllers:/home/taha/workspace/Vision-Grasping-Masters-Research/install/ur_moveit_config:/home/taha/workspace/Vision-Grasping-Masters-Research/install/ur_dashboard_msgs:/opt/ros/humble /usr/bin/cmake /home/taha/workspace/Vision-Grasping-Masters-Research/src/Universal_Robots_ROS2_Driver/ur_moveit_config -DCMAKE_BUILD_TYPE=Release -DCMAKE_INSTALL_PREFIX=/home/taha/workspace/Vision-Grasping-Masters-Research/install/ur_moveit_config
[0.512s] Invoking command in '/home/taha/workspace/Vision-Grasping-Masters-Research/build/ur_moveit_config': CMAKE_PREFIX_PATH=/home/taha/workspace/Vision-Grasping-Masters-Research/install/ur_description:/home/taha/workspace/Vision-Grasping-Masters-Research/install/ur:/home/taha/workspace/Vision-Grasping-Masters-Research/install/ur_calibration:/home/taha/workspace/Vision-Grasping-Masters-Research/install/ur_robot_driver:/home/taha/workspace/Vision-Grasping-Masters-Research/install/ur_bringup:/home/taha/workspace/Vision-Grasping-Masters-Research/install/ur_controllers:/home/taha/workspace/Vision-Grasping-Masters-Research/install/ur_moveit_config:/home/taha/workspace/Vision-Grasping-Masters-Research/install/ur_dashboard_msgs:/opt/ros/humble /usr/bin/cmake --build /home/taha/workspace/Vision-Grasping-Masters-Research/build/ur_moveit_config -- -j16 -l16
[0.549s] Built target ament_cmake_python_copy_ur_moveit_config
[0.695s] running egg_info
[0.695s] creating ur_moveit_config.egg-info
[0.695s] writing ur_moveit_config.egg-info/PKG-INFO
[0.695s] writing dependency_links to ur_moveit_config.egg-info/dependency_links.txt
[0.695s] writing top-level names to ur_moveit_config.egg-info/top_level.txt
[0.695s] writing manifest file 'ur_moveit_config.egg-info/SOURCES.txt'
[0.697s] reading manifest file 'ur_moveit_config.egg-info/SOURCES.txt'
[0.697s] writing manifest file 'ur_moveit_config.egg-info/SOURCES.txt'
[0.714s] Built target ament_cmake_python_build_ur_moveit_config_egg
[0.722s] Invoked command in '/home/taha/workspace/Vision-Grasping-Masters-Research/build/ur_moveit_config' returned '0': CMAKE_PREFIX_PATH=/home/taha/workspace/Vision-Grasping-Masters-Research/install/ur_description:/home/taha/workspace/Vision-Grasping-Masters-Research/install/ur:/home/taha/workspace/Vision-Grasping-Masters-Research/install/ur_calibration:/home/taha/workspace/Vision-Grasping-Masters-Research/install/ur_robot_driver:/home/taha/workspace/Vision-Grasping-Masters-Research/install/ur_bringup:/home/taha/workspace/Vision-Grasping-Masters-Research/install/ur_controllers:/home/taha/workspace/Vision-Grasping-Masters-Research/install/ur_moveit_config:/home/taha/workspace/Vision-Grasping-Masters-Research/install/ur_dashboard_msgs:/opt/ros/humble /usr/bin/cmake --build /home/taha/workspace/Vision-Grasping-Masters-Research/build/ur_moveit_config -- -j16 -l16
[0.741s] Invoking command in '/home/taha/workspace/Vision-Grasping-Masters-Research/build/ur_moveit_config': CMAKE_PREFIX_PATH=/home/taha/workspace/Vision-Grasping-Masters-Research/install/ur_description:/home/taha/workspace/Vision-Grasping-Masters-Research/install/ur:/home/taha/workspace/Vision-Grasping-Masters-Research/install/ur_calibration:/home/taha/workspace/Vision-Grasping-Masters-Research/install/ur_robot_driver:/home/taha/workspace/Vision-Grasping-Masters-Research/install/ur_bringup:/home/taha/workspace/Vision-Grasping-Masters-Research/install/ur_controllers:/home/taha/workspace/Vision-Grasping-Masters-Research/install/ur_moveit_config:/home/taha/workspace/Vision-Grasping-Masters-Research/install/ur_dashboard_msgs:/opt/ros/humble /usr/bin/cmake --install /home/taha/workspace/Vision-Grasping-Masters-Research/build/ur_moveit_config
[0.745s] -- Install configuration: "Release"
[0.745s] -- Installing: /home/taha/workspace/Vision-Grasping-Masters-Research/install/ur_moveit_config/share/ur_moveit_config/config
[0.745s] -- Installing: /home/taha/workspace/Vision-Grasping-Masters-Research/install/ur_moveit_config/share/ur_moveit_config/config/ur_servo.yaml
[0.745s] -- Installing: /home/taha/workspace/Vision-Grasping-Masters-Research/install/ur_moveit_config/share/ur_moveit_config/config/kinematics.yaml
[0.746s] -- Installing: /home/taha/workspace/Vision-Grasping-Masters-Research/install/ur_moveit_config/share/ur_moveit_config/config/joint_limits.yaml
[0.746s] -- Installing: /home/taha/workspace/Vision-Grasping-Masters-Research/install/ur_moveit_config/share/ur_moveit_config/config/controllers.yaml
[0.746s] -- Installing: /home/taha/workspace/Vision-Grasping-Masters-Research/install/ur_moveit_config/share/ur_moveit_config/config/ompl_planning.yaml
[0.746s] -- Installing: /home/taha/workspace/Vision-Grasping-Masters-Research/install/ur_moveit_config/share/ur_moveit_config/launch
[0.746s] -- Installing: /home/taha/workspace/Vision-Grasping-Masters-Research/install/ur_moveit_config/share/ur_moveit_config/launch/ur_moveit.launch.py
[0.746s] -- Installing: /home/taha/workspace/Vision-Grasping-Masters-Research/install/ur_moveit_config/share/ur_moveit_config/rviz
[0.746s] -- Installing: /home/taha/workspace/Vision-Grasping-Masters-Research/install/ur_moveit_config/share/ur_moveit_config/rviz/view_robot.rviz
[0.746s] -- Installing: /home/taha/workspace/Vision-Grasping-Masters-Research/install/ur_moveit_config/share/ur_moveit_config/srdf
[0.746s] -- Installing: /home/taha/workspace/Vision-Grasping-Masters-Research/install/ur_moveit_config/share/ur_moveit_config/srdf/ur_macro.srdf.xacro
[0.746s] -- Installing: /home/taha/workspace/Vision-Grasping-Masters-Research/install/ur_moveit_config/share/ur_moveit_config/srdf/ur.srdf.xacro
[0.746s] -- Installing: /home/taha/workspace/Vision-Grasping-Masters-Research/install/ur_moveit_config/share/ur_moveit_config/environment/pythonpath.sh
[0.746s] -- Installing: /home/taha/workspace/Vision-Grasping-Masters-Research/install/ur_moveit_config/share/ur_moveit_config/environment/pythonpath.dsv
[0.746s] -- Installing: /home/taha/workspace/Vision-Grasping-Masters-Research/install/ur_moveit_config/local/lib/python3.10/dist-packages/ur_moveit_config-2.2.15-py3.10.egg-info
[0.746s] -- Installing: /home/taha/workspace/Vision-Grasping-Masters-Research/install/ur_moveit_config/local/lib/python3.10/dist-packages/ur_moveit_config-2.2.15-py3.10.egg-info/SOURCES.txt
[0.746s] -- Installing: /home/taha/workspace/Vision-Grasping-Masters-Research/install/ur_moveit_config/local/lib/python3.10/dist-packages/ur_moveit_config-2.2.15-py3.10.egg-info/PKG-INFO
[0.746s] -- Installing: /home/taha/workspace/Vision-Grasping-Masters-Research/install/ur_moveit_config/local/lib/python3.10/dist-packages/ur_moveit_config-2.2.15-py3.10.egg-info/dependency_links.txt
[0.746s] -- Installing: /home/taha/workspace/Vision-Grasping-Masters-Research/install/ur_moveit_config/local/lib/python3.10/dist-packages/ur_moveit_config-2.2.15-py3.10.egg-info/top_level.txt
[0.746s] -- Installing: /home/taha/workspace/Vision-Grasping-Masters-Research/install/ur_moveit_config/local/lib/python3.10/dist-packages/ur_moveit_config
[0.746s] -- Installing: /home/taha/workspace/Vision-Grasping-Masters-Research/install/ur_moveit_config/local/lib/python3.10/dist-packages/ur_moveit_config/__init__.py
[0.746s] -- Installing: /home/taha/workspace/Vision-Grasping-Masters-Research/install/ur_moveit_config/local/lib/python3.10/dist-packages/ur_moveit_config/launch_common.py
[0.770s] Listing '/home/taha/workspace/Vision-Grasping-Masters-Research/install/ur_moveit_config/local/lib/python3.10/dist-packages/ur_moveit_config'...
[0.770s] Compiling '/home/taha/workspace/Vision-Grasping-Masters-Research/install/ur_moveit_config/local/lib/python3.10/dist-packages/ur_moveit_config/__init__.py'...
[0.770s] Compiling '/home/taha/workspace/Vision-Grasping-Masters-Research/install/ur_moveit_config/local/lib/python3.10/dist-packages/ur_moveit_config/launch_common.py'...
[0.773s] -- Installing: /home/taha/workspace/Vision-Grasping-Masters-Research/install/ur_moveit_config/local/lib/python3.10/dist-packages/launch_common.py
[0.794s] Compiling '/home/taha/workspace/Vision-Grasping-Masters-Research/install/ur_moveit_config/local/lib/python3.10/dist-packages/launch_common.py'...
[0.797s] -- Installing: /home/taha/workspace/Vision-Grasping-Masters-Research/install/ur_moveit_config/share/ament_index/resource_index/package_run_dependencies/ur_moveit_config
[0.797s] -- Installing: /home/taha/workspace/Vision-Grasping-Masters-Research/install/ur_moveit_config/share/ament_index/resource_index/parent_prefix_path/ur_moveit_config
[0.797s] -- Installing: /home/taha/workspace/Vision-Grasping-Masters-Research/install/ur_moveit_config/share/ur_moveit_config/environment/ament_prefix_path.sh
[0.798s] -- Installing: /home/taha/workspace/Vision-Grasping-Masters-Research/install/ur_moveit_config/share/ur_moveit_config/environment/ament_prefix_path.dsv
[0.798s] -- Installing: /home/taha/workspace/Vision-Grasping-Masters-Research/install/ur_moveit_config/share/ur_moveit_config/environment/path.sh
[0.798s] -- Installing: /home/taha/workspace/Vision-Grasping-Masters-Research/install/ur_moveit_config/share/ur_moveit_config/environment/path.dsv
[0.798s] -- Installing: /home/taha/workspace/Vision-Grasping-Masters-Research/install/ur_moveit_config/share/ur_moveit_config/local_setup.bash
[0.798s] -- Installing: /home/taha/workspace/Vision-Grasping-Masters-Research/install/ur_moveit_config/share/ur_moveit_config/local_setup.sh
[0.798s] -- Installing: /home/taha/workspace/Vision-Grasping-Masters-Research/install/ur_moveit_config/share/ur_moveit_config/local_setup.zsh
[0.798s] -- Installing: /home/taha/workspace/Vision-Grasping-Masters-Research/install/ur_moveit_config/share/ur_moveit_config/local_setup.dsv
[0.798s] -- Installing: /home/taha/workspace/Vision-Grasping-Masters-Research/install/ur_moveit_config/share/ur_moveit_config/package.dsv
[0.798s] -- Installing: /home/taha/workspace/Vision-Grasping-Masters-Research/install/ur_moveit_config/share/ament_index/resource_index/packages/ur_moveit_config
[0.798s] -- Installing: /home/taha/workspace/Vision-Grasping-Masters-Research/install/ur_moveit_config/share/ur_moveit_config/cmake/ur_moveit_configConfig.cmake
[0.798s] -- Installing: /home/taha/workspace/Vision-Grasping-Masters-Research/install/ur_moveit_config/share/ur_moveit_config/cmake/ur_moveit_configConfig-version.cmake
[0.798s] -- Installing: /home/taha/workspace/Vision-Grasping-Masters-Research/install/ur_moveit_config/share/ur_moveit_config/package.xml
[0.800s] Invoked command in '/home/taha/workspace/Vision-Grasping-Masters-Research/build/ur_moveit_config' returned '0': CMAKE_PREFIX_PATH=/home/taha/workspace/Vision-Grasping-Masters-Research/install/ur_description:/home/taha/workspace/Vision-Grasping-Masters-Research/install/ur:/home/taha/workspace/Vision-Grasping-Masters-Research/install/ur_calibration:/home/taha/workspace/Vision-Grasping-Masters-Research/install/ur_robot_driver:/home/taha/workspace/Vision-Grasping-Masters-Research/install/ur_bringup:/home/taha/workspace/Vision-Grasping-Masters-Research/install/ur_controllers:/home/taha/workspace/Vision-Grasping-Masters-Research/install/ur_moveit_config:/home/taha/workspace/Vision-Grasping-Masters-Research/install/ur_dashboard_msgs:/opt/ros/humble /usr/bin/cmake --install /home/taha/workspace/Vision-Grasping-Masters-Research/build/ur_moveit_config
