[0.017s] Invoking command in '/home/taha/workspace/Vision-Grasping-Masters-Research/build/ur_calibration': CMAKE_PREFIX_PATH=/home/taha/workspace/Vision-Grasping-Masters-Research/install/ur_robot_driver:/home/taha/workspace/Vision-Grasping-Masters-Research/install/ur_controllers:/home/taha/workspace/Vision-Grasping-Masters-Research/install/ur_description:/home/taha/workspace/Vision-Grasping-Masters-Research/install/ur_dashboard_msgs:/home/taha/workspace/Vision-Grasping-Masters-Research/install/ur:/home/taha/workspace/Vision-Grasping-Masters-Research/install/ur_calibration:/home/taha/workspace/Vision-Grasping-Masters-Research/install/ur_bringup:/home/taha/workspace/Vision-Grasping-Masters-Research/install/ur_moveit_config:/opt/ros/humble /usr/bin/cmake /home/taha/workspace/Vision-Grasping-Masters-Research/src/Universal_Robots_ROS2_Driver/ur_calibration -DCMAKE_BUILD_TYPE=Release -DCMAKE_INSTALL_PREFIX=/home/taha/workspace/Vision-Grasping-Masters-Research/install/ur_calibration
[0.087s] -- The C compiler identification is GNU 11.4.0
[0.144s] -- The CXX compiler identification is GNU 11.4.0
[0.149s] -- Detecting C compiler ABI info
[0.225s] -- Detecting C compiler ABI info - done
[0.231s] -- Check for working C compiler: /usr/bin/cc - skipped
[0.231s] -- Detecting C compile features
[0.231s] -- Detecting C compile features - done
[0.235s] -- Detecting CXX compiler ABI info
[0.327s] -- Detecting CXX compiler ABI info - done
[0.337s] -- Check for working CXX compiler: /usr/bin/c++ - skipped
[0.337s] -- Detecting CXX compile features
[0.338s] -- Detecting CXX compile features - done
[0.341s] -- Found ament_cmake: 1.3.10 (/opt/ros/humble/share/ament_cmake/cmake)
[0.454s] -- Found Python3: /usr/bin/python3 (found version "3.10.12") found components: Interpreter 
[0.522s] -- Found rclcpp: 16.0.10 (/opt/ros/humble/share/rclcpp/cmake)
[0.555s] -- Found rosidl_generator_c: 3.1.5 (/opt/ros/humble/share/rosidl_generator_c/cmake)
[0.558s] -- Found rosidl_adapter: 3.1.5 (/opt/ros/humble/share/rosidl_adapter/cmake)
[0.564s] -- Found rosidl_generator_cpp: 3.1.5 (/opt/ros/humble/share/rosidl_generator_cpp/cmake)
[0.572s] -- Using all available rosidl_typesupport_c: rosidl_typesupport_fastrtps_c;rosidl_typesupport_introspection_c
[0.583s] -- Using all available rosidl_typesupport_cpp: rosidl_typesupport_fastrtps_cpp;rosidl_typesupport_introspection_cpp
[0.613s] -- Found rmw_implementation_cmake: 6.1.2 (/opt/ros/humble/share/rmw_implementation_cmake/cmake)
[0.615s] -- Found rmw_fastrtps_cpp: 6.2.7 (/opt/ros/humble/share/rmw_fastrtps_cpp/cmake)
[0.689s] -- Found OpenSSL: /usr/lib/x86_64-linux-gnu/libcrypto.so (found version "3.0.2")  
[0.721s] -- Found FastRTPS: /opt/ros/humble/include  
[0.748s] -- Using RMW implementation 'rmw_fastrtps_cpp' as default
[0.753s] -- Looking for pthread.h
[0.825s] -- Looking for pthread.h - found
[0.825s] -- Performing Test CMAKE_HAVE_LIBC_PTHREAD
[0.919s] -- Performing Test CMAKE_HAVE_LIBC_PTHREAD - Success
[0.920s] -- Found Threads: TRUE  
[0.961s] -- Found ur_robot_driver: 2.2.15 (/home/taha/workspace/Vision-Grasping-Masters-Research/install/ur_robot_driver/share/ur_robot_driver/cmake)
[1.116s] -- Found eigen3_cmake_module: 0.1.1 (/opt/ros/humble/share/eigen3_cmake_module/cmake)
[1.116s] -- Found Eigen3: TRUE (found version "3.4.0") 
[1.117s] -- Ensuring Eigen3 include directory is part of orocos-kdl CMake target
[1.201s] -- Found ament_cmake_gmock: 1.3.10 (/opt/ros/humble/share/ament_cmake_gmock/cmake)
[1.202s] -- Found gmock sources under '/opt/ros/humble/src/gmock_vendor': C++ tests using 'Google Mock' will be built
[1.206s] -- Found ament_cmake_gtest: 1.3.10 (/opt/ros/humble/share/ament_cmake_gtest/cmake)
[1.206s] -- Found gtest sources under '/opt/ros/humble/src/gtest_vendor': C++ tests using 'Google Test' will be built
[1.251s] -- Configuring done
[1.297s] -- Generating done
[1.298s] -- Build files have been written to: /home/taha/workspace/Vision-Grasping-Masters-Research/build/ur_calibration
[1.307s] Invoked command in '/home/taha/workspace/Vision-Grasping-Masters-Research/build/ur_calibration' returned '0': CMAKE_PREFIX_PATH=/home/taha/workspace/Vision-Grasping-Masters-Research/install/ur_robot_driver:/home/taha/workspace/Vision-Grasping-Masters-Research/install/ur_controllers:/home/taha/workspace/Vision-Grasping-Masters-Research/install/ur_description:/home/taha/workspace/Vision-Grasping-Masters-Research/install/ur_dashboard_msgs:/home/taha/workspace/Vision-Grasping-Masters-Research/install/ur:/home/taha/workspace/Vision-Grasping-Masters-Research/install/ur_calibration:/home/taha/workspace/Vision-Grasping-Masters-Research/install/ur_bringup:/home/taha/workspace/Vision-Grasping-Masters-Research/install/ur_moveit_config:/opt/ros/humble /usr/bin/cmake /home/taha/workspace/Vision-Grasping-Masters-Research/src/Universal_Robots_ROS2_Driver/ur_calibration -DCMAKE_BUILD_TYPE=Release -DCMAKE_INSTALL_PREFIX=/home/taha/workspace/Vision-Grasping-Masters-Research/install/ur_calibration
[1.308s] Invoking command in '/home/taha/workspace/Vision-Grasping-Masters-Research/build/ur_calibration': CMAKE_PREFIX_PATH=/home/taha/workspace/Vision-Grasping-Masters-Research/install/ur_robot_driver:/home/taha/workspace/Vision-Grasping-Masters-Research/install/ur_controllers:/home/taha/workspace/Vision-Grasping-Masters-Research/install/ur_description:/home/taha/workspace/Vision-Grasping-Masters-Research/install/ur_dashboard_msgs:/home/taha/workspace/Vision-Grasping-Masters-Research/install/ur:/home/taha/workspace/Vision-Grasping-Masters-Research/install/ur_calibration:/home/taha/workspace/Vision-Grasping-Masters-Research/install/ur_bringup:/home/taha/workspace/Vision-Grasping-Masters-Research/install/ur_moveit_config:/opt/ros/humble /usr/bin/cmake --build /home/taha/workspace/Vision-Grasping-Masters-Research/build/ur_calibration -- -j16 -l16
[1.360s] [  8%] [32mBuilding CXX object CMakeFiles/calibration.dir/src/calibration.cpp.o[0m
[1.361s] [ 16%] [32mBuilding CXX object CMakeFiles/calibration.dir/src/calibration_consumer.cpp.o[0m
[1.363s] [ 25%] [32mBuilding CXX object gmock/CMakeFiles/gmock.dir/src/gmock-all.cc.o[0m
[1.363s] [ 33%] [32mBuilding CXX object gmock/CMakeFiles/gmock.dir/opt/ros/humble/src/gtest_vendor/src/gtest-all.cc.o[0m
[1.363s] [ 41%] [32mBuilding CXX object gmock/CMakeFiles/gmock_main.dir/src/gmock_main.cc.o[0m
[2.120s] [ 50%] [32m[1mLinking CXX static library libgmock_main.a[0m
[2.172s] [ 50%] Built target gmock_main
[5.273s] [ 58%] [32m[1mLinking CXX static library libcalibration.a[0m
[5.319s] [ 58%] Built target calibration
[5.336s] [ 66%] [32mBuilding CXX object CMakeFiles/calibration_correction.dir/src/calibration_correction.cpp.o[0m
[6.314s] [ 75%] [32m[1mLinking CXX static library libgmock.a[0m
[6.368s] [ 75%] Built target gmock
[6.385s] [ 83%] [32mBuilding CXX object CMakeFiles/calibration_test.dir/test/calibration_test.cpp.o[0m
[8.582s] [ 91%] [32m[1mLinking CXX executable calibration_correction[0m
[8.736s] [ 91%] Built target calibration_correction
[10.593s] [100%] [32m[1mLinking CXX executable calibration_test[0m
[10.745s] [100%] Built target calibration_test
[10.754s] Invoked command in '/home/taha/workspace/Vision-Grasping-Masters-Research/build/ur_calibration' returned '0': CMAKE_PREFIX_PATH=/home/taha/workspace/Vision-Grasping-Masters-Research/install/ur_robot_driver:/home/taha/workspace/Vision-Grasping-Masters-Research/install/ur_controllers:/home/taha/workspace/Vision-Grasping-Masters-Research/install/ur_description:/home/taha/workspace/Vision-Grasping-Masters-Research/install/ur_dashboard_msgs:/home/taha/workspace/Vision-Grasping-Masters-Research/install/ur:/home/taha/workspace/Vision-Grasping-Masters-Research/install/ur_calibration:/home/taha/workspace/Vision-Grasping-Masters-Research/install/ur_bringup:/home/taha/workspace/Vision-Grasping-Masters-Research/install/ur_moveit_config:/opt/ros/humble /usr/bin/cmake --build /home/taha/workspace/Vision-Grasping-Masters-Research/build/ur_calibration -- -j16 -l16
[10.799s] Invoking command in '/home/taha/workspace/Vision-Grasping-Masters-Research/build/ur_calibration': CMAKE_PREFIX_PATH=/home/taha/workspace/Vision-Grasping-Masters-Research/install/ur_robot_driver:/home/taha/workspace/Vision-Grasping-Masters-Research/install/ur_controllers:/home/taha/workspace/Vision-Grasping-Masters-Research/install/ur_description:/home/taha/workspace/Vision-Grasping-Masters-Research/install/ur_dashboard_msgs:/home/taha/workspace/Vision-Grasping-Masters-Research/install/ur:/home/taha/workspace/Vision-Grasping-Masters-Research/install/ur_calibration:/home/taha/workspace/Vision-Grasping-Masters-Research/install/ur_bringup:/home/taha/workspace/Vision-Grasping-Masters-Research/install/ur_moveit_config:/opt/ros/humble /usr/bin/cmake --install /home/taha/workspace/Vision-Grasping-Masters-Research/build/ur_calibration
[10.807s] -- Install configuration: "Release"
[10.807s] -- Installing: /home/taha/workspace/Vision-Grasping-Masters-Research/install/ur_calibration/lib/ur_calibration/calibration_correction
[10.807s] -- Set runtime path of "/home/taha/workspace/Vision-Grasping-Masters-Research/install/ur_calibration/lib/ur_calibration/calibration_correction" to ""
[10.807s] -- Installing: /home/taha/workspace/Vision-Grasping-Masters-Research/install/ur_calibration/include
[10.807s] -- Installing: /home/taha/workspace/Vision-Grasping-Masters-Research/install/ur_calibration/include/ur_calibration
[10.808s] -- Installing: /home/taha/workspace/Vision-Grasping-Masters-Research/install/ur_calibration/include/ur_calibration/calibration.hpp
[10.808s] -- Installing: /home/taha/workspace/Vision-Grasping-Masters-Research/install/ur_calibration/include/ur_calibration/calibration_consumer.hpp
[10.808s] -- Installing: /home/taha/workspace/Vision-Grasping-Masters-Research/install/ur_calibration/share/ur_calibration/launch
[10.808s] -- Installing: /home/taha/workspace/Vision-Grasping-Masters-Research/install/ur_calibration/share/ur_calibration/launch/calibration_correction.launch.py
[10.808s] -- Installing: /home/taha/workspace/Vision-Grasping-Masters-Research/install/ur_calibration/share/ament_index/resource_index/package_run_dependencies/ur_calibration
[10.808s] -- Installing: /home/taha/workspace/Vision-Grasping-Masters-Research/install/ur_calibration/share/ament_index/resource_index/parent_prefix_path/ur_calibration
[10.808s] -- Installing: /home/taha/workspace/Vision-Grasping-Masters-Research/install/ur_calibration/share/ur_calibration/environment/ament_prefix_path.sh
[10.808s] -- Installing: /home/taha/workspace/Vision-Grasping-Masters-Research/install/ur_calibration/share/ur_calibration/environment/ament_prefix_path.dsv
[10.808s] -- Installing: /home/taha/workspace/Vision-Grasping-Masters-Research/install/ur_calibration/share/ur_calibration/environment/path.sh
[10.808s] -- Installing: /home/taha/workspace/Vision-Grasping-Masters-Research/install/ur_calibration/share/ur_calibration/environment/path.dsv
[10.809s] -- Installing: /home/taha/workspace/Vision-Grasping-Masters-Research/install/ur_calibration/share/ur_calibration/local_setup.bash
[10.809s] -- Installing: /home/taha/workspace/Vision-Grasping-Masters-Research/install/ur_calibration/share/ur_calibration/local_setup.sh
[10.809s] -- Installing: /home/taha/workspace/Vision-Grasping-Masters-Research/install/ur_calibration/share/ur_calibration/local_setup.zsh
[10.809s] -- Installing: /home/taha/workspace/Vision-Grasping-Masters-Research/install/ur_calibration/share/ur_calibration/local_setup.dsv
[10.809s] -- Installing: /home/taha/workspace/Vision-Grasping-Masters-Research/install/ur_calibration/share/ur_calibration/package.dsv
[10.809s] -- Installing: /home/taha/workspace/Vision-Grasping-Masters-Research/install/ur_calibration/share/ament_index/resource_index/packages/ur_calibration
[10.809s] -- Installing: /home/taha/workspace/Vision-Grasping-Masters-Research/install/ur_calibration/share/ur_calibration/cmake/ament_cmake_export_include_directories-extras.cmake
[10.809s] -- Installing: /home/taha/workspace/Vision-Grasping-Masters-Research/install/ur_calibration/share/ur_calibration/cmake/ament_cmake_export_dependencies-extras.cmake
[10.809s] -- Installing: /home/taha/workspace/Vision-Grasping-Masters-Research/install/ur_calibration/share/ur_calibration/cmake/ur_calibrationConfig.cmake
[10.809s] -- Installing: /home/taha/workspace/Vision-Grasping-Masters-Research/install/ur_calibration/share/ur_calibration/cmake/ur_calibrationConfig-version.cmake
[10.809s] -- Installing: /home/taha/workspace/Vision-Grasping-Masters-Research/install/ur_calibration/share/ur_calibration/package.xml
[10.812s] Invoked command in '/home/taha/workspace/Vision-Grasping-Masters-Research/build/ur_calibration' returned '0': CMAKE_PREFIX_PATH=/home/taha/workspace/Vision-Grasping-Masters-Research/install/ur_robot_driver:/home/taha/workspace/Vision-Grasping-Masters-Research/install/ur_controllers:/home/taha/workspace/Vision-Grasping-Masters-Research/install/ur_description:/home/taha/workspace/Vision-Grasping-Masters-Research/install/ur_dashboard_msgs:/home/taha/workspace/Vision-Grasping-Masters-Research/install/ur:/home/taha/workspace/Vision-Grasping-Masters-Research/install/ur_calibration:/home/taha/workspace/Vision-Grasping-Masters-Research/install/ur_bringup:/home/taha/workspace/Vision-Grasping-Masters-Research/install/ur_moveit_config:/opt/ros/humble /usr/bin/cmake --install /home/taha/workspace/Vision-Grasping-Masters-Research/build/ur_calibration
