[0.007s] Invoking command in '/home/taha/workspace/Vision-Grasping-Masters-Research/build/ur_controllers': CMAKE_PREFIX_PATH=/home/taha/workspace/Vision-Grasping-Masters-Research/install/ur_dashboard_msgs:/home/taha/workspace/Vision-Grasping-Masters-Research/install/ur:/home/taha/workspace/Vision-Grasping-Masters-Research/install/ur_calibration:/home/taha/workspace/Vision-Grasping-Masters-Research/install/ur_robot_driver:/home/taha/workspace/Vision-Grasping-Masters-Research/install/ur_bringup:/home/taha/workspace/Vision-Grasping-Masters-Research/install/ur_controllers:/home/taha/workspace/Vision-Grasping-Masters-Research/install/ur_moveit_config:/home/taha/workspace/Vision-Grasping-Masters-Research/install/ur_description:/opt/ros/humble LD_LIBRARY_PATH=/home/taha/workspace/Vision-Grasping-Masters-Research/install/ur_dashboard_msgs/lib:/home/taha/workspace/Vision-Grasping-Masters-Research/install/ur_robot_driver/lib:/home/taha/workspace/Vision-Grasping-Masters-Research/install/ur_controllers/lib:/opt/ros/humble/opt/rviz_ogre_vendor/lib:/opt/ros/humble/lib/x86_64-linux-gnu:/opt/ros/humble/lib /usr/bin/cmake /home/taha/workspace/Vision-Grasping-Masters-Research/src/Universal_Robots_ROS2_Driver/ur_controllers -DCMAKE_BUILD_TYPE=Release -DCMAKE_INSTALL_PREFIX=/home/taha/workspace/Vision-Grasping-Masters-Research/install/ur_controllers
[0.063s] -- The C compiler identification is GNU 11.4.0
[0.109s] -- The CXX compiler identification is GNU 11.4.0
[0.114s] -- Detecting C compiler ABI info
[0.179s] -- Detecting C compiler ABI info - done
[0.189s] -- Check for working C compiler: /usr/bin/cc - skipped
[0.189s] -- Detecting C compile features
[0.190s] -- Detecting C compile features - done
[0.194s] -- Detecting CXX compiler ABI info
[0.277s] -- Detecting CXX compiler ABI info - done
[0.285s] -- Check for working CXX compiler: /usr/bin/c++ - skipped
[0.286s] -- Detecting CXX compile features
[0.286s] -- Detecting CXX compile features - done
[0.288s] -- Found ament_cmake: 1.3.10 (/opt/ros/humble/share/ament_cmake/cmake)
[0.416s] -- Found Python3: /usr/bin/python3 (found version "3.10.12") found components: Interpreter 
[0.484s] -- Found angles: 1.15.0 (/opt/ros/humble/share/angles/cmake)
[0.486s] -- Found controller_interface: 2.43.0 (/opt/ros/humble/share/controller_interface/cmake)
[0.514s] -- Found rosidl_generator_c: 3.1.5 (/opt/ros/humble/share/rosidl_generator_c/cmake)
[0.517s] -- Found rosidl_adapter: 3.1.5 (/opt/ros/humble/share/rosidl_adapter/cmake)
[0.522s] -- Found rosidl_generator_cpp: 3.1.5 (/opt/ros/humble/share/rosidl_generator_cpp/cmake)
[0.530s] -- Using all available rosidl_typesupport_c: rosidl_typesupport_fastrtps_c;rosidl_typesupport_introspection_c
[0.540s] -- Using all available rosidl_typesupport_cpp: rosidl_typesupport_fastrtps_cpp;rosidl_typesupport_introspection_cpp
[0.670s] -- Found rmw_implementation_cmake: 6.1.2 (/opt/ros/humble/share/rmw_implementation_cmake/cmake)
[0.672s] -- Found rmw_fastrtps_cpp: 6.2.7 (/opt/ros/humble/share/rmw_fastrtps_cpp/cmake)
[0.688s] -- Found TinyXML2 via Config file: TinyXML2_DIR-NOTFOUND
[0.742s] -- Found OpenSSL: /usr/lib/x86_64-linux-gnu/libcrypto.so (found version "3.0.2")  
[0.745s] -- Found TinyXML2 via Config file: TinyXML2_DIR-NOTFOUND
[0.760s] -- Found FastRTPS: /opt/ros/humble/include  
[0.762s] -- Found TinyXML2 via Config file: TinyXML2_DIR-NOTFOUND
[0.769s] -- Found TinyXML2 via Config file: TinyXML2_DIR-NOTFOUND
[0.776s] -- Using RMW implementation 'rmw_fastrtps_cpp' as default
[0.782s] -- Looking for pthread.h
[0.846s] -- Looking for pthread.h - found
[0.846s] -- Performing Test CMAKE_HAVE_LIBC_PTHREAD
[0.906s] -- Performing Test CMAKE_HAVE_LIBC_PTHREAD - Success
[0.907s] -- Found Threads: TRUE  
[0.940s] -- Found joint_trajectory_controller: 2.37.2 (/opt/ros/humble/share/joint_trajectory_controller/cmake)
[0.958s] -- Found parameter_traits: 0.3.8 (/opt/ros/humble/share/parameter_traits/cmake)
[0.978s] -- Found std_srvs: 4.2.4 (/opt/ros/humble/share/std_srvs/cmake)
[0.984s] -- Found ur_dashboard_msgs: 2.2.15 (/home/taha/workspace/Vision-Grasping-Masters-Research/install/ur_dashboard_msgs/share/ur_dashboard_msgs/cmake)
[0.996s] -- Found ur_msgs: 2.0.0 (/opt/ros/humble/share/ur_msgs/cmake)
[1.055s] -- Configuring done
[1.072s] -- Generating done
[1.073s] -- Build files have been written to: /home/taha/workspace/Vision-Grasping-Masters-Research/build/ur_controllers
[1.080s] Invoked command in '/home/taha/workspace/Vision-Grasping-Masters-Research/build/ur_controllers' returned '0': CMAKE_PREFIX_PATH=/home/taha/workspace/Vision-Grasping-Masters-Research/install/ur_dashboard_msgs:/home/taha/workspace/Vision-Grasping-Masters-Research/install/ur:/home/taha/workspace/Vision-Grasping-Masters-Research/install/ur_calibration:/home/taha/workspace/Vision-Grasping-Masters-Research/install/ur_robot_driver:/home/taha/workspace/Vision-Grasping-Masters-Research/install/ur_bringup:/home/taha/workspace/Vision-Grasping-Masters-Research/install/ur_controllers:/home/taha/workspace/Vision-Grasping-Masters-Research/install/ur_moveit_config:/home/taha/workspace/Vision-Grasping-Masters-Research/install/ur_description:/opt/ros/humble LD_LIBRARY_PATH=/home/taha/workspace/Vision-Grasping-Masters-Research/install/ur_dashboard_msgs/lib:/home/taha/workspace/Vision-Grasping-Masters-Research/install/ur_robot_driver/lib:/home/taha/workspace/Vision-Grasping-Masters-Research/install/ur_controllers/lib:/opt/ros/humble/opt/rviz_ogre_vendor/lib:/opt/ros/humble/lib/x86_64-linux-gnu:/opt/ros/humble/lib /usr/bin/cmake /home/taha/workspace/Vision-Grasping-Masters-Research/src/Universal_Robots_ROS2_Driver/ur_controllers -DCMAKE_BUILD_TYPE=Release -DCMAKE_INSTALL_PREFIX=/home/taha/workspace/Vision-Grasping-Masters-Research/install/ur_controllers
[1.081s] Invoking command in '/home/taha/workspace/Vision-Grasping-Masters-Research/build/ur_controllers': CMAKE_PREFIX_PATH=/home/taha/workspace/Vision-Grasping-Masters-Research/install/ur_dashboard_msgs:/home/taha/workspace/Vision-Grasping-Masters-Research/install/ur:/home/taha/workspace/Vision-Grasping-Masters-Research/install/ur_calibration:/home/taha/workspace/Vision-Grasping-Masters-Research/install/ur_robot_driver:/home/taha/workspace/Vision-Grasping-Masters-Research/install/ur_bringup:/home/taha/workspace/Vision-Grasping-Masters-Research/install/ur_controllers:/home/taha/workspace/Vision-Grasping-Masters-Research/install/ur_moveit_config:/home/taha/workspace/Vision-Grasping-Masters-Research/install/ur_description:/opt/ros/humble LD_LIBRARY_PATH=/home/taha/workspace/Vision-Grasping-Masters-Research/install/ur_dashboard_msgs/lib:/home/taha/workspace/Vision-Grasping-Masters-Research/install/ur_robot_driver/lib:/home/taha/workspace/Vision-Grasping-Masters-Research/install/ur_controllers/lib:/opt/ros/humble/opt/rviz_ogre_vendor/lib:/opt/ros/humble/lib/x86_64-linux-gnu:/opt/ros/humble/lib /usr/bin/cmake --build /home/taha/workspace/Vision-Grasping-Masters-Research/build/ur_controllers -- -j16 -l16
[1.117s] [ 14%] [34m[1mRunning `/opt/ros/humble/bin/generate_parameter_library_cpp /home/taha/workspace/Vision-Grasping-Masters-Research/build/ur_controllers/scaled_joint_trajectory_controller_parameters/include//scaled_joint_trajectory_controller_parameters.hpp /home/taha/workspace/Vision-Grasping-Masters-Research/src/Universal_Robots_ROS2_Driver/ur_controllers/src/scaled_joint_trajectory_controller_parameters.yaml `[0m
[1.120s] [ 28%] [34m[1mRunning `/opt/ros/humble/bin/generate_parameter_library_cpp /home/taha/workspace/Vision-Grasping-Masters-Research/build/ur_controllers/speed_scaling_state_broadcaster_parameters/include//speed_scaling_state_broadcaster_parameters.hpp /home/taha/workspace/Vision-Grasping-Masters-Research/src/Universal_Robots_ROS2_Driver/ur_controllers/src/speed_scaling_state_broadcaster_parameters.yaml `[0m
[1.120s] [ 42%] [34m[1mRunning `/opt/ros/humble/bin/generate_parameter_library_cpp /home/taha/workspace/Vision-Grasping-Masters-Research/build/ur_controllers/gpio_controller_parameters/include//gpio_controller_parameters.hpp /home/taha/workspace/Vision-Grasping-Masters-Research/src/Universal_Robots_ROS2_Driver/ur_controllers/src/gpio_controller_parameters.yaml `[0m
[1.212s] [ 42%] Built target scaled_joint_trajectory_controller_parameters
[1.222s] [ 42%] Built target gpio_controller_parameters
[1.222s] [ 42%] Built target speed_scaling_state_broadcaster_parameters
[1.242s] [ 57%] [32mBuilding CXX object CMakeFiles/ur_controllers.dir/src/speed_scaling_state_broadcaster.cpp.o[0m
[1.243s] [ 71%] [32mBuilding CXX object CMakeFiles/ur_controllers.dir/src/scaled_joint_trajectory_controller.cpp.o[0m
[1.244s] [ 85%] [32mBuilding CXX object CMakeFiles/ur_controllers.dir/src/gpio_controller.cpp.o[0m
[8.935s] [100%] [32m[1mLinking CXX shared library libur_controllers.so[0m
[9.099s] [100%] Built target ur_controllers
[9.107s] Invoked command in '/home/taha/workspace/Vision-Grasping-Masters-Research/build/ur_controllers' returned '0': CMAKE_PREFIX_PATH=/home/taha/workspace/Vision-Grasping-Masters-Research/install/ur_dashboard_msgs:/home/taha/workspace/Vision-Grasping-Masters-Research/install/ur:/home/taha/workspace/Vision-Grasping-Masters-Research/install/ur_calibration:/home/taha/workspace/Vision-Grasping-Masters-Research/install/ur_robot_driver:/home/taha/workspace/Vision-Grasping-Masters-Research/install/ur_bringup:/home/taha/workspace/Vision-Grasping-Masters-Research/install/ur_controllers:/home/taha/workspace/Vision-Grasping-Masters-Research/install/ur_moveit_config:/home/taha/workspace/Vision-Grasping-Masters-Research/install/ur_description:/opt/ros/humble LD_LIBRARY_PATH=/home/taha/workspace/Vision-Grasping-Masters-Research/install/ur_dashboard_msgs/lib:/home/taha/workspace/Vision-Grasping-Masters-Research/install/ur_robot_driver/lib:/home/taha/workspace/Vision-Grasping-Masters-Research/install/ur_controllers/lib:/opt/ros/humble/opt/rviz_ogre_vendor/lib:/opt/ros/humble/lib/x86_64-linux-gnu:/opt/ros/humble/lib /usr/bin/cmake --build /home/taha/workspace/Vision-Grasping-Masters-Research/build/ur_controllers -- -j16 -l16
[9.144s] Invoking command in '/home/taha/workspace/Vision-Grasping-Masters-Research/build/ur_controllers': CMAKE_PREFIX_PATH=/home/taha/workspace/Vision-Grasping-Masters-Research/install/ur_dashboard_msgs:/home/taha/workspace/Vision-Grasping-Masters-Research/install/ur:/home/taha/workspace/Vision-Grasping-Masters-Research/install/ur_calibration:/home/taha/workspace/Vision-Grasping-Masters-Research/install/ur_robot_driver:/home/taha/workspace/Vision-Grasping-Masters-Research/install/ur_bringup:/home/taha/workspace/Vision-Grasping-Masters-Research/install/ur_controllers:/home/taha/workspace/Vision-Grasping-Masters-Research/install/ur_moveit_config:/home/taha/workspace/Vision-Grasping-Masters-Research/install/ur_description:/opt/ros/humble LD_LIBRARY_PATH=/home/taha/workspace/Vision-Grasping-Masters-Research/install/ur_dashboard_msgs/lib:/home/taha/workspace/Vision-Grasping-Masters-Research/install/ur_robot_driver/lib:/home/taha/workspace/Vision-Grasping-Masters-Research/install/ur_controllers/lib:/opt/ros/humble/opt/rviz_ogre_vendor/lib:/opt/ros/humble/lib/x86_64-linux-gnu:/opt/ros/humble/lib /usr/bin/cmake --install /home/taha/workspace/Vision-Grasping-Masters-Research/build/ur_controllers
[9.149s] -- Install configuration: "Release"
[9.149s] -- Installing: /home/taha/workspace/Vision-Grasping-Masters-Research/install/ur_controllers/include/gpio_controller_parameters
[9.149s] -- Installing: /home/taha/workspace/Vision-Grasping-Masters-Research/install/ur_controllers/include/gpio_controller_parameters/gpio_controller_parameters.hpp
[9.149s] -- Installing: /home/taha/workspace/Vision-Grasping-Masters-Research/install/ur_controllers/include/speed_scaling_state_broadcaster_parameters
[9.149s] -- Installing: /home/taha/workspace/Vision-Grasping-Masters-Research/install/ur_controllers/include/speed_scaling_state_broadcaster_parameters/speed_scaling_state_broadcaster_parameters.hpp
[9.149s] -- Installing: /home/taha/workspace/Vision-Grasping-Masters-Research/install/ur_controllers/include/scaled_joint_trajectory_controller_parameters
[9.149s] -- Installing: /home/taha/workspace/Vision-Grasping-Masters-Research/install/ur_controllers/include/scaled_joint_trajectory_controller_parameters/scaled_joint_trajectory_controller_parameters.hpp
[9.149s] -- Installing: /home/taha/workspace/Vision-Grasping-Masters-Research/install/ur_controllers/share/ur_controllers/controller_plugins.xml
[9.149s] -- Installing: /home/taha/workspace/Vision-Grasping-Masters-Research/install/ur_controllers/lib/libur_controllers.so
[9.151s] -- Set runtime path of "/home/taha/workspace/Vision-Grasping-Masters-Research/install/ur_controllers/lib/libur_controllers.so" to ""
[9.151s] -- Up-to-date: /home/taha/workspace/Vision-Grasping-Masters-Research/install/ur_controllers/include
[9.151s] -- Installing: /home/taha/workspace/Vision-Grasping-Masters-Research/install/ur_controllers/include/ur_controllers
[9.151s] -- Installing: /home/taha/workspace/Vision-Grasping-Masters-Research/install/ur_controllers/include/ur_controllers/gpio_controller.hpp
[9.151s] -- Installing: /home/taha/workspace/Vision-Grasping-Masters-Research/install/ur_controllers/include/ur_controllers/scaled_joint_trajectory_controller.hpp
[9.151s] -- Installing: /home/taha/workspace/Vision-Grasping-Masters-Research/install/ur_controllers/include/ur_controllers/speed_scaling_state_broadcaster.hpp
[9.151s] -- Up-to-date: /home/taha/workspace/Vision-Grasping-Masters-Research/install/ur_controllers/share/ur_controllers/controller_plugins.xml
[9.151s] -- Installing: /home/taha/workspace/Vision-Grasping-Masters-Research/install/ur_controllers/share/ur_controllers/environment/library_path.sh
[9.151s] -- Installing: /home/taha/workspace/Vision-Grasping-Masters-Research/install/ur_controllers/share/ur_controllers/environment/library_path.dsv
[9.151s] -- Installing: /home/taha/workspace/Vision-Grasping-Masters-Research/install/ur_controllers/share/ament_index/resource_index/package_run_dependencies/ur_controllers
[9.152s] -- Installing: /home/taha/workspace/Vision-Grasping-Masters-Research/install/ur_controllers/share/ament_index/resource_index/parent_prefix_path/ur_controllers
[9.152s] -- Installing: /home/taha/workspace/Vision-Grasping-Masters-Research/install/ur_controllers/share/ur_controllers/environment/ament_prefix_path.sh
[9.152s] -- Installing: /home/taha/workspace/Vision-Grasping-Masters-Research/install/ur_controllers/share/ur_controllers/environment/ament_prefix_path.dsv
[9.152s] -- Installing: /home/taha/workspace/Vision-Grasping-Masters-Research/install/ur_controllers/share/ur_controllers/environment/path.sh
[9.152s] -- Installing: /home/taha/workspace/Vision-Grasping-Masters-Research/install/ur_controllers/share/ur_controllers/environment/path.dsv
[9.152s] -- Installing: /home/taha/workspace/Vision-Grasping-Masters-Research/install/ur_controllers/share/ur_controllers/local_setup.bash
[9.152s] -- Installing: /home/taha/workspace/Vision-Grasping-Masters-Research/install/ur_controllers/share/ur_controllers/local_setup.sh
[9.152s] -- Installing: /home/taha/workspace/Vision-Grasping-Masters-Research/install/ur_controllers/share/ur_controllers/local_setup.zsh
[9.152s] -- Installing: /home/taha/workspace/Vision-Grasping-Masters-Research/install/ur_controllers/share/ur_controllers/local_setup.dsv
[9.152s] -- Installing: /home/taha/workspace/Vision-Grasping-Masters-Research/install/ur_controllers/share/ur_controllers/package.dsv
[9.153s] -- Installing: /home/taha/workspace/Vision-Grasping-Masters-Research/install/ur_controllers/share/ament_index/resource_index/packages/ur_controllers
[9.153s] -- Installing: /home/taha/workspace/Vision-Grasping-Masters-Research/install/ur_controllers/share/ament_index/resource_index/controller_interface__pluginlib__plugin/ur_controllers
[9.153s] -- Installing: /home/taha/workspace/Vision-Grasping-Masters-Research/install/ur_controllers/share/ur_controllers/cmake/ament_cmake_export_dependencies-extras.cmake
[9.153s] -- Installing: /home/taha/workspace/Vision-Grasping-Masters-Research/install/ur_controllers/share/ur_controllers/cmake/ament_cmake_export_include_directories-extras.cmake
[9.153s] -- Installing: /home/taha/workspace/Vision-Grasping-Masters-Research/install/ur_controllers/share/ur_controllers/cmake/ament_cmake_export_libraries-extras.cmake
[9.153s] -- Installing: /home/taha/workspace/Vision-Grasping-Masters-Research/install/ur_controllers/share/ur_controllers/cmake/ur_controllersConfig.cmake
[9.153s] -- Installing: /home/taha/workspace/Vision-Grasping-Masters-Research/install/ur_controllers/share/ur_controllers/cmake/ur_controllersConfig-version.cmake
[9.153s] -- Installing: /home/taha/workspace/Vision-Grasping-Masters-Research/install/ur_controllers/share/ur_controllers/package.xml
[9.156s] Invoked command in '/home/taha/workspace/Vision-Grasping-Masters-Research/build/ur_controllers' returned '0': CMAKE_PREFIX_PATH=/home/taha/workspace/Vision-Grasping-Masters-Research/install/ur_dashboard_msgs:/home/taha/workspace/Vision-Grasping-Masters-Research/install/ur:/home/taha/workspace/Vision-Grasping-Masters-Research/install/ur_calibration:/home/taha/workspace/Vision-Grasping-Masters-Research/install/ur_robot_driver:/home/taha/workspace/Vision-Grasping-Masters-Research/install/ur_bringup:/home/taha/workspace/Vision-Grasping-Masters-Research/install/ur_controllers:/home/taha/workspace/Vision-Grasping-Masters-Research/install/ur_moveit_config:/home/taha/workspace/Vision-Grasping-Masters-Research/install/ur_description:/opt/ros/humble LD_LIBRARY_PATH=/home/taha/workspace/Vision-Grasping-Masters-Research/install/ur_dashboard_msgs/lib:/home/taha/workspace/Vision-Grasping-Masters-Research/install/ur_robot_driver/lib:/home/taha/workspace/Vision-Grasping-Masters-Research/install/ur_controllers/lib:/opt/ros/humble/opt/rviz_ogre_vendor/lib:/opt/ros/humble/lib/x86_64-linux-gnu:/opt/ros/humble/lib /usr/bin/cmake --install /home/taha/workspace/Vision-Grasping-Masters-Research/build/ur_controllers
