[0.015s] Invoking command in '/home/taha/workspace/Vision-Grasping-Masters-Research/build/ur_bringup': CMAKE_PREFIX_PATH=/home/taha/workspace/Vision-Grasping-Masters-Research/install/ur_controllers:/home/taha/workspace/Vision-Grasping-Masters-Research/install/ur_description:/home/taha/workspace/Vision-Grasping-Masters-Research/install/ur_dashboard_msgs:/home/taha/workspace/Vision-Grasping-Masters-Research/install/ur:/home/taha/workspace/Vision-Grasping-Masters-Research/install/ur_calibration:/home/taha/workspace/Vision-Grasping-Masters-Research/install/ur_robot_driver:/home/taha/workspace/Vision-Grasping-Masters-Research/install/ur_bringup:/home/taha/workspace/Vision-Grasping-Masters-Research/install/ur_moveit_config:/opt/ros/humble LD_LIBRARY_PATH=/home/taha/workspace/Vision-Grasping-Masters-Research/install/ur_controllers/lib:/home/taha/workspace/Vision-Grasping-Masters-Research/install/ur_dashboard_msgs/lib:/home/taha/workspace/Vision-Grasping-Masters-Research/install/ur_robot_driver/lib:/opt/ros/humble/opt/rviz_ogre_vendor/lib:/opt/ros/humble/lib/x86_64-linux-gnu:/opt/ros/humble/lib /usr/bin/cmake /home/taha/workspace/Vision-Grasping-Masters-Research/src/Universal_Robots_ROS2_Driver/ur_bringup -DCMAKE_BUILD_TYPE=Release -DCMAKE_INSTALL_PREFIX=/home/taha/workspace/Vision-Grasping-Masters-Research/install/ur_bringup
[0.076s] -- The C compiler identification is GNU 11.4.0
[0.118s] -- The CXX compiler identification is GNU 11.4.0
[0.123s] -- Detecting C compiler ABI info
[0.193s] -- Detecting C compiler ABI info - done
[0.198s] -- Check for working C compiler: /usr/bin/cc - skipped
[0.198s] -- Detecting C compile features
[0.198s] -- Detecting C compile features - done
[0.200s] -- Detecting CXX compiler ABI info
[0.268s] -- Detecting CXX compiler ABI info - done
[0.277s] -- Check for working CXX compiler: /usr/bin/c++ - skipped
[0.277s] -- Detecting CXX compile features
[0.278s] -- Detecting CXX compile features - done
[0.280s] -- Found ament_cmake: 1.3.10 (/opt/ros/humble/share/ament_cmake/cmake)
[0.391s] -- Found Python3: /usr/bin/python3 (found version "3.10.12") found components: Interpreter 
[0.491s] -- Configuring done
[0.493s] -- Generating done
[0.493s] -- Build files have been written to: /home/taha/workspace/Vision-Grasping-Masters-Research/build/ur_bringup
[0.496s] Invoked command in '/home/taha/workspace/Vision-Grasping-Masters-Research/build/ur_bringup' returned '0': CMAKE_PREFIX_PATH=/home/taha/workspace/Vision-Grasping-Masters-Research/install/ur_controllers:/home/taha/workspace/Vision-Grasping-Masters-Research/install/ur_description:/home/taha/workspace/Vision-Grasping-Masters-Research/install/ur_dashboard_msgs:/home/taha/workspace/Vision-Grasping-Masters-Research/install/ur:/home/taha/workspace/Vision-Grasping-Masters-Research/install/ur_calibration:/home/taha/workspace/Vision-Grasping-Masters-Research/install/ur_robot_driver:/home/taha/workspace/Vision-Grasping-Masters-Research/install/ur_bringup:/home/taha/workspace/Vision-Grasping-Masters-Research/install/ur_moveit_config:/opt/ros/humble LD_LIBRARY_PATH=/home/taha/workspace/Vision-Grasping-Masters-Research/install/ur_controllers/lib:/home/taha/workspace/Vision-Grasping-Masters-Research/install/ur_dashboard_msgs/lib:/home/taha/workspace/Vision-Grasping-Masters-Research/install/ur_robot_driver/lib:/opt/ros/humble/opt/rviz_ogre_vendor/lib:/opt/ros/humble/lib/x86_64-linux-gnu:/opt/ros/humble/lib /usr/bin/cmake /home/taha/workspace/Vision-Grasping-Masters-Research/src/Universal_Robots_ROS2_Driver/ur_bringup -DCMAKE_BUILD_TYPE=Release -DCMAKE_INSTALL_PREFIX=/home/taha/workspace/Vision-Grasping-Masters-Research/install/ur_bringup
[0.497s] Invoking command in '/home/taha/workspace/Vision-Grasping-Masters-Research/build/ur_bringup': CMAKE_PREFIX_PATH=/home/taha/workspace/Vision-Grasping-Masters-Research/install/ur_controllers:/home/taha/workspace/Vision-Grasping-Masters-Research/install/ur_description:/home/taha/workspace/Vision-Grasping-Masters-Research/install/ur_dashboard_msgs:/home/taha/workspace/Vision-Grasping-Masters-Research/install/ur:/home/taha/workspace/Vision-Grasping-Masters-Research/install/ur_calibration:/home/taha/workspace/Vision-Grasping-Masters-Research/install/ur_robot_driver:/home/taha/workspace/Vision-Grasping-Masters-Research/install/ur_bringup:/home/taha/workspace/Vision-Grasping-Masters-Research/install/ur_moveit_config:/opt/ros/humble LD_LIBRARY_PATH=/home/taha/workspace/Vision-Grasping-Masters-Research/install/ur_controllers/lib:/home/taha/workspace/Vision-Grasping-Masters-Research/install/ur_dashboard_msgs/lib:/home/taha/workspace/Vision-Grasping-Masters-Research/install/ur_robot_driver/lib:/opt/ros/humble/opt/rviz_ogre_vendor/lib:/opt/ros/humble/lib/x86_64-linux-gnu:/opt/ros/humble/lib /usr/bin/cmake --build /home/taha/workspace/Vision-Grasping-Masters-Research/build/ur_bringup -- -j16 -l16
[0.527s] Invoked command in '/home/taha/workspace/Vision-Grasping-Masters-Research/build/ur_bringup' returned '0': CMAKE_PREFIX_PATH=/home/taha/workspace/Vision-Grasping-Masters-Research/install/ur_controllers:/home/taha/workspace/Vision-Grasping-Masters-Research/install/ur_description:/home/taha/workspace/Vision-Grasping-Masters-Research/install/ur_dashboard_msgs:/home/taha/workspace/Vision-Grasping-Masters-Research/install/ur:/home/taha/workspace/Vision-Grasping-Masters-Research/install/ur_calibration:/home/taha/workspace/Vision-Grasping-Masters-Research/install/ur_robot_driver:/home/taha/workspace/Vision-Grasping-Masters-Research/install/ur_bringup:/home/taha/workspace/Vision-Grasping-Masters-Research/install/ur_moveit_config:/opt/ros/humble LD_LIBRARY_PATH=/home/taha/workspace/Vision-Grasping-Masters-Research/install/ur_controllers/lib:/home/taha/workspace/Vision-Grasping-Masters-Research/install/ur_dashboard_msgs/lib:/home/taha/workspace/Vision-Grasping-Masters-Research/install/ur_robot_driver/lib:/opt/ros/humble/opt/rviz_ogre_vendor/lib:/opt/ros/humble/lib/x86_64-linux-gnu:/opt/ros/humble/lib /usr/bin/cmake --build /home/taha/workspace/Vision-Grasping-Masters-Research/build/ur_bringup -- -j16 -l16
[0.545s] Invoking command in '/home/taha/workspace/Vision-Grasping-Masters-Research/build/ur_bringup': CMAKE_PREFIX_PATH=/home/taha/workspace/Vision-Grasping-Masters-Research/install/ur_controllers:/home/taha/workspace/Vision-Grasping-Masters-Research/install/ur_description:/home/taha/workspace/Vision-Grasping-Masters-Research/install/ur_dashboard_msgs:/home/taha/workspace/Vision-Grasping-Masters-Research/install/ur:/home/taha/workspace/Vision-Grasping-Masters-Research/install/ur_calibration:/home/taha/workspace/Vision-Grasping-Masters-Research/install/ur_robot_driver:/home/taha/workspace/Vision-Grasping-Masters-Research/install/ur_bringup:/home/taha/workspace/Vision-Grasping-Masters-Research/install/ur_moveit_config:/opt/ros/humble LD_LIBRARY_PATH=/home/taha/workspace/Vision-Grasping-Masters-Research/install/ur_controllers/lib:/home/taha/workspace/Vision-Grasping-Masters-Research/install/ur_dashboard_msgs/lib:/home/taha/workspace/Vision-Grasping-Masters-Research/install/ur_robot_driver/lib:/opt/ros/humble/opt/rviz_ogre_vendor/lib:/opt/ros/humble/lib/x86_64-linux-gnu:/opt/ros/humble/lib /usr/bin/cmake --install /home/taha/workspace/Vision-Grasping-Masters-Research/build/ur_bringup
[0.550s] -- Install configuration: "Release"
[0.550s] -- Installing: /home/taha/workspace/Vision-Grasping-Masters-Research/install/ur_bringup/share/ur_bringup/config
[0.550s] -- Installing: /home/taha/workspace/Vision-Grasping-Masters-Research/install/ur_bringup/share/ur_bringup/config/test_velocity_goal_publishers_config.yaml
[0.550s] -- Installing: /home/taha/workspace/Vision-Grasping-Masters-Research/install/ur_bringup/share/ur_bringup/config/ur5e_update_rate.yaml
[0.550s] -- Installing: /home/taha/workspace/Vision-Grasping-Masters-Research/install/ur_bringup/share/ur_bringup/config/ur16e_update_rate.yaml
[0.550s] -- Installing: /home/taha/workspace/Vision-Grasping-Masters-Research/install/ur_bringup/share/ur_bringup/config/ur3e_update_rate.yaml
[0.550s] -- Installing: /home/taha/workspace/Vision-Grasping-Masters-Research/install/ur_bringup/share/ur_bringup/config/ur10e_update_rate.yaml
[0.550s] -- Installing: /home/taha/workspace/Vision-Grasping-Masters-Research/install/ur_bringup/share/ur_bringup/config/ur3_update_rate.yaml
[0.550s] -- Installing: /home/taha/workspace/Vision-Grasping-Masters-Research/install/ur_bringup/share/ur_bringup/config/ur5_update_rate.yaml
[0.550s] -- Installing: /home/taha/workspace/Vision-Grasping-Masters-Research/install/ur_bringup/share/ur_bringup/config/ur10_update_rate.yaml
[0.550s] -- Installing: /home/taha/workspace/Vision-Grasping-Masters-Research/install/ur_bringup/share/ur_bringup/config/test_goal_publishers_config.yaml
[0.550s] -- Installing: /home/taha/workspace/Vision-Grasping-Masters-Research/install/ur_bringup/share/ur_bringup/config/ur_controllers.yaml
[0.550s] -- Installing: /home/taha/workspace/Vision-Grasping-Masters-Research/install/ur_bringup/share/ur_bringup/launch
[0.550s] -- Installing: /home/taha/workspace/Vision-Grasping-Masters-Research/install/ur_bringup/share/ur_bringup/launch/ur3e.launch.py
[0.550s] -- Installing: /home/taha/workspace/Vision-Grasping-Masters-Research/install/ur_bringup/share/ur_bringup/launch/ur5e.launch.py
[0.550s] -- Installing: /home/taha/workspace/Vision-Grasping-Masters-Research/install/ur_bringup/share/ur_bringup/launch/test_forward_velocity_controller.launch.py
[0.550s] -- Installing: /home/taha/workspace/Vision-Grasping-Masters-Research/install/ur_bringup/share/ur_bringup/launch/ur5.launch.py
[0.551s] -- Installing: /home/taha/workspace/Vision-Grasping-Masters-Research/install/ur_bringup/share/ur_bringup/launch/ur10e.launch.py
[0.551s] -- Installing: /home/taha/workspace/Vision-Grasping-Masters-Research/install/ur_bringup/share/ur_bringup/launch/ur16e.launch.py
[0.551s] -- Installing: /home/taha/workspace/Vision-Grasping-Masters-Research/install/ur_bringup/share/ur_bringup/launch/test_scaled_joint_trajectory_controller.launch.py
[0.551s] -- Installing: /home/taha/workspace/Vision-Grasping-Masters-Research/install/ur_bringup/share/ur_bringup/launch/ur3.launch.py
[0.551s] -- Installing: /home/taha/workspace/Vision-Grasping-Masters-Research/install/ur_bringup/share/ur_bringup/launch/test_joint_trajectory_controller.launch.py
[0.551s] -- Installing: /home/taha/workspace/Vision-Grasping-Masters-Research/install/ur_bringup/share/ur_bringup/launch/ur_control.launch.py
[0.551s] -- Installing: /home/taha/workspace/Vision-Grasping-Masters-Research/install/ur_bringup/share/ur_bringup/launch/ur10.launch.py
[0.551s] -- Installing: /home/taha/workspace/Vision-Grasping-Masters-Research/install/ur_bringup/share/ur_bringup/launch/ur_dashboard_client.launch.py
[0.551s] -- Installing: /home/taha/workspace/Vision-Grasping-Masters-Research/install/ur_bringup/lib/ur_bringup/start_ursim.sh
[0.551s] -- Installing: /home/taha/workspace/Vision-Grasping-Masters-Research/install/ur_bringup/share/ament_index/resource_index/package_run_dependencies/ur_bringup
[0.551s] -- Installing: /home/taha/workspace/Vision-Grasping-Masters-Research/install/ur_bringup/share/ament_index/resource_index/parent_prefix_path/ur_bringup
[0.551s] -- Installing: /home/taha/workspace/Vision-Grasping-Masters-Research/install/ur_bringup/share/ur_bringup/environment/ament_prefix_path.sh
[0.551s] -- Installing: /home/taha/workspace/Vision-Grasping-Masters-Research/install/ur_bringup/share/ur_bringup/environment/ament_prefix_path.dsv
[0.551s] -- Installing: /home/taha/workspace/Vision-Grasping-Masters-Research/install/ur_bringup/share/ur_bringup/environment/path.sh
[0.551s] -- Installing: /home/taha/workspace/Vision-Grasping-Masters-Research/install/ur_bringup/share/ur_bringup/environment/path.dsv
[0.551s] -- Installing: /home/taha/workspace/Vision-Grasping-Masters-Research/install/ur_bringup/share/ur_bringup/local_setup.bash
[0.551s] -- Installing: /home/taha/workspace/Vision-Grasping-Masters-Research/install/ur_bringup/share/ur_bringup/local_setup.sh
[0.551s] -- Installing: /home/taha/workspace/Vision-Grasping-Masters-Research/install/ur_bringup/share/ur_bringup/local_setup.zsh
[0.551s] -- Installing: /home/taha/workspace/Vision-Grasping-Masters-Research/install/ur_bringup/share/ur_bringup/local_setup.dsv
[0.551s] -- Installing: /home/taha/workspace/Vision-Grasping-Masters-Research/install/ur_bringup/share/ur_bringup/package.dsv
[0.551s] -- Installing: /home/taha/workspace/Vision-Grasping-Masters-Research/install/ur_bringup/share/ament_index/resource_index/packages/ur_bringup
[0.551s] -- Installing: /home/taha/workspace/Vision-Grasping-Masters-Research/install/ur_bringup/share/ur_bringup/cmake/ur_bringupConfig.cmake
[0.552s] -- Installing: /home/taha/workspace/Vision-Grasping-Masters-Research/install/ur_bringup/share/ur_bringup/cmake/ur_bringupConfig-version.cmake
[0.552s] -- Installing: /home/taha/workspace/Vision-Grasping-Masters-Research/install/ur_bringup/share/ur_bringup/package.xml
[0.553s] Invoked command in '/home/taha/workspace/Vision-Grasping-Masters-Research/build/ur_bringup' returned '0': CMAKE_PREFIX_PATH=/home/taha/workspace/Vision-Grasping-Masters-Research/install/ur_controllers:/home/taha/workspace/Vision-Grasping-Masters-Research/install/ur_description:/home/taha/workspace/Vision-Grasping-Masters-Research/install/ur_dashboard_msgs:/home/taha/workspace/Vision-Grasping-Masters-Research/install/ur:/home/taha/workspace/Vision-Grasping-Masters-Research/install/ur_calibration:/home/taha/workspace/Vision-Grasping-Masters-Research/install/ur_robot_driver:/home/taha/workspace/Vision-Grasping-Masters-Research/install/ur_bringup:/home/taha/workspace/Vision-Grasping-Masters-Research/install/ur_moveit_config:/opt/ros/humble LD_LIBRARY_PATH=/home/taha/workspace/Vision-Grasping-Masters-Research/install/ur_controllers/lib:/home/taha/workspace/Vision-Grasping-Masters-Research/install/ur_dashboard_msgs/lib:/home/taha/workspace/Vision-Grasping-Masters-Research/install/ur_robot_driver/lib:/opt/ros/humble/opt/rviz_ogre_vendor/lib:/opt/ros/humble/lib/x86_64-linux-gnu:/opt/ros/humble/lib /usr/bin/cmake --install /home/taha/workspace/Vision-Grasping-Masters-Research/build/ur_bringup
