[0.021s] Invoking command in '/home/taha/workspace/Vision-Grasping-Masters-Research/build/ur': CMAKE_PREFIX_PATH=/home/taha/workspace/Vision-Grasping-Masters-Research/install/ur_calibration:/home/taha/workspace/Vision-Grasping-Masters-Research/install/ur_robot_driver:/home/taha/workspace/Vision-Grasping-Masters-Research/install/ur_moveit_config:/home/taha/workspace/Vision-Grasping-Masters-Research/install/ur_controllers:/home/taha/workspace/Vision-Grasping-Masters-Research/install/ur_description:/home/taha/workspace/Vision-Grasping-Masters-Research/install/ur_dashboard_msgs:/home/taha/workspace/Vision-Grasping-Masters-Research/install/ur:/home/taha/workspace/Vision-Grasping-Masters-Research/install/ur_bringup:/opt/ros/humble /usr/bin/cmake /home/taha/workspace/Vision-Grasping-Masters-Research/src/Universal_Robots_ROS2_Driver/ur -DCMAKE_BUILD_TYPE=Release -DCMAKE_INSTALL_PREFIX=/home/taha/workspace/Vision-Grasping-Masters-Research/install/ur
[0.086s] -- The C compiler identification is GNU 11.4.0
[0.143s] -- The CXX compiler identification is GNU 11.4.0
[0.147s] -- Detecting C compiler ABI info
[0.217s] -- Detecting C compiler ABI info - done
[0.228s] -- Check for working C compiler: /usr/bin/cc - skipped
[0.228s] -- Detecting C compile features
[0.229s] -- Detecting C compile features - done
[0.233s] -- Detecting CXX compiler ABI info
[0.326s] -- Detecting CXX compiler ABI info - done
[0.331s] -- Check for working CXX compiler: /usr/bin/c++ - skipped
[0.331s] -- Detecting CXX compile features
[0.331s] -- Detecting CXX compile features - done
[0.333s] -- Found ament_cmake: 1.3.10 (/opt/ros/humble/share/ament_cmake/cmake)
[0.465s] -- Found Python3: /usr/bin/python3 (found version "3.10.12") found components: Interpreter 
[0.531s] -- Found ament_lint_auto: 0.12.11 (/opt/ros/humble/share/ament_lint_auto/cmake)
[0.581s] -- Added test 'lint_cmake' to check CMake code style
[0.582s] -- Added test 'xmllint' to check XML markup files
[0.582s] -- Configuring done
[0.584s] -- Generating done
[0.584s] -- Build files have been written to: /home/taha/workspace/Vision-Grasping-Masters-Research/build/ur
[0.587s] Invoked command in '/home/taha/workspace/Vision-Grasping-Masters-Research/build/ur' returned '0': CMAKE_PREFIX_PATH=/home/taha/workspace/Vision-Grasping-Masters-Research/install/ur_calibration:/home/taha/workspace/Vision-Grasping-Masters-Research/install/ur_robot_driver:/home/taha/workspace/Vision-Grasping-Masters-Research/install/ur_moveit_config:/home/taha/workspace/Vision-Grasping-Masters-Research/install/ur_controllers:/home/taha/workspace/Vision-Grasping-Masters-Research/install/ur_description:/home/taha/workspace/Vision-Grasping-Masters-Research/install/ur_dashboard_msgs:/home/taha/workspace/Vision-Grasping-Masters-Research/install/ur:/home/taha/workspace/Vision-Grasping-Masters-Research/install/ur_bringup:/opt/ros/humble /usr/bin/cmake /home/taha/workspace/Vision-Grasping-Masters-Research/src/Universal_Robots_ROS2_Driver/ur -DCMAKE_BUILD_TYPE=Release -DCMAKE_INSTALL_PREFIX=/home/taha/workspace/Vision-Grasping-Masters-Research/install/ur
[0.588s] Invoking command in '/home/taha/workspace/Vision-Grasping-Masters-Research/build/ur': CMAKE_PREFIX_PATH=/home/taha/workspace/Vision-Grasping-Masters-Research/install/ur_calibration:/home/taha/workspace/Vision-Grasping-Masters-Research/install/ur_robot_driver:/home/taha/workspace/Vision-Grasping-Masters-Research/install/ur_moveit_config:/home/taha/workspace/Vision-Grasping-Masters-Research/install/ur_controllers:/home/taha/workspace/Vision-Grasping-Masters-Research/install/ur_description:/home/taha/workspace/Vision-Grasping-Masters-Research/install/ur_dashboard_msgs:/home/taha/workspace/Vision-Grasping-Masters-Research/install/ur:/home/taha/workspace/Vision-Grasping-Masters-Research/install/ur_bringup:/opt/ros/humble /usr/bin/cmake --build /home/taha/workspace/Vision-Grasping-Masters-Research/build/ur -- -j16 -l16
[0.623s] Invoked command in '/home/taha/workspace/Vision-Grasping-Masters-Research/build/ur' returned '0': CMAKE_PREFIX_PATH=/home/taha/workspace/Vision-Grasping-Masters-Research/install/ur_calibration:/home/taha/workspace/Vision-Grasping-Masters-Research/install/ur_robot_driver:/home/taha/workspace/Vision-Grasping-Masters-Research/install/ur_moveit_config:/home/taha/workspace/Vision-Grasping-Masters-Research/install/ur_controllers:/home/taha/workspace/Vision-Grasping-Masters-Research/install/ur_description:/home/taha/workspace/Vision-Grasping-Masters-Research/install/ur_dashboard_msgs:/home/taha/workspace/Vision-Grasping-Masters-Research/install/ur:/home/taha/workspace/Vision-Grasping-Masters-Research/install/ur_bringup:/opt/ros/humble /usr/bin/cmake --build /home/taha/workspace/Vision-Grasping-Masters-Research/build/ur -- -j16 -l16
[0.649s] Invoking command in '/home/taha/workspace/Vision-Grasping-Masters-Research/build/ur': CMAKE_PREFIX_PATH=/home/taha/workspace/Vision-Grasping-Masters-Research/install/ur_calibration:/home/taha/workspace/Vision-Grasping-Masters-Research/install/ur_robot_driver:/home/taha/workspace/Vision-Grasping-Masters-Research/install/ur_moveit_config:/home/taha/workspace/Vision-Grasping-Masters-Research/install/ur_controllers:/home/taha/workspace/Vision-Grasping-Masters-Research/install/ur_description:/home/taha/workspace/Vision-Grasping-Masters-Research/install/ur_dashboard_msgs:/home/taha/workspace/Vision-Grasping-Masters-Research/install/ur:/home/taha/workspace/Vision-Grasping-Masters-Research/install/ur_bringup:/opt/ros/humble /usr/bin/cmake --install /home/taha/workspace/Vision-Grasping-Masters-Research/build/ur
[0.658s] -- Install configuration: "Release"
[0.659s] -- Installing: /home/taha/workspace/Vision-Grasping-Masters-Research/install/ur/share/ament_index/resource_index/package_run_dependencies/ur
[0.659s] -- Installing: /home/taha/workspace/Vision-Grasping-Masters-Research/install/ur/share/ament_index/resource_index/parent_prefix_path/ur
[0.659s] -- Installing: /home/taha/workspace/Vision-Grasping-Masters-Research/install/ur/share/ur/environment/ament_prefix_path.sh
[0.659s] -- Installing: /home/taha/workspace/Vision-Grasping-Masters-Research/install/ur/share/ur/environment/ament_prefix_path.dsv
[0.659s] -- Installing: /home/taha/workspace/Vision-Grasping-Masters-Research/install/ur/share/ur/environment/path.sh
[0.659s] -- Installing: /home/taha/workspace/Vision-Grasping-Masters-Research/install/ur/share/ur/environment/path.dsv
[0.659s] -- Installing: /home/taha/workspace/Vision-Grasping-Masters-Research/install/ur/share/ur/local_setup.bash
[0.659s] -- Installing: /home/taha/workspace/Vision-Grasping-Masters-Research/install/ur/share/ur/local_setup.sh
[0.660s] -- Installing: /home/taha/workspace/Vision-Grasping-Masters-Research/install/ur/share/ur/local_setup.zsh
[0.660s] -- Installing: /home/taha/workspace/Vision-Grasping-Masters-Research/install/ur/share/ur/local_setup.dsv
[0.660s] -- Installing: /home/taha/workspace/Vision-Grasping-Masters-Research/install/ur/share/ur/package.dsv
[0.660s] -- Installing: /home/taha/workspace/Vision-Grasping-Masters-Research/install/ur/share/ament_index/resource_index/packages/ur
[0.660s] -- Installing: /home/taha/workspace/Vision-Grasping-Masters-Research/install/ur/share/ur/cmake/urConfig.cmake
[0.660s] -- Installing: /home/taha/workspace/Vision-Grasping-Masters-Research/install/ur/share/ur/cmake/urConfig-version.cmake
[0.660s] -- Installing: /home/taha/workspace/Vision-Grasping-Masters-Research/install/ur/share/ur/package.xml
[0.663s] Invoked command in '/home/taha/workspace/Vision-Grasping-Masters-Research/build/ur' returned '0': CMAKE_PREFIX_PATH=/home/taha/workspace/Vision-Grasping-Masters-Research/install/ur_calibration:/home/taha/workspace/Vision-Grasping-Masters-Research/install/ur_robot_driver:/home/taha/workspace/Vision-Grasping-Masters-Research/install/ur_moveit_config:/home/taha/workspace/Vision-Grasping-Masters-Research/install/ur_controllers:/home/taha/workspace/Vision-Grasping-Masters-Research/install/ur_description:/home/taha/workspace/Vision-Grasping-Masters-Research/install/ur_dashboard_msgs:/home/taha/workspace/Vision-Grasping-Masters-Research/install/ur:/home/taha/workspace/Vision-Grasping-Masters-Research/install/ur_bringup:/opt/ros/humble /usr/bin/cmake --install /home/taha/workspace/Vision-Grasping-Masters-Research/build/ur
